This file contains any messages produced by compilers while
running configure, to aid debugging if configure makes a mistake.

It was created by sg3_utils configure 1.32, which was
generated by GNU Autoconf 2.67.  Invocation command line was

  $ ./configure --host=ubicom32-linux-uclibc CFLAGS=-O2 -static

## --------- ##
## Platform. ##
## --------- ##

hostname = apollo
uname -m = i686
uname -r = 2.6.35-22-generic
uname -s = Linux
uname -v = #35-Ubuntu SMP Sat Oct 16 20:36:48 UTC 2010

/usr/bin/uname -p = unknown
/bin/uname -X     = unknown

/bin/arch              = unknown
/usr/bin/arch -k       = unknown
/usr/convex/getsysinfo = unknown
/usr/bin/hostinfo      = unknown
/bin/machine           = unknown
/usr/bin/oslevel       = unknown
/bin/universe          = unknown

PATH: /opt/ubicom32_sdk32x_gcc-4.4.1_uclibc-0.9.30.1_v02/bin
PATH: /opt/ubicom32_sdk32x_gcc-4.4.1_uclibc-0.9.30.1_v02/bin
PATH: /usr/local/sbin
PATH: /usr/local/bin
PATH: /usr/sbin
PATH: /usr/bin
PATH: /sbin
PATH: /bin
PATH: /usr/games


## ----------- ##
## Core tests. ##
## ----------- ##

configure:2282: checking for a BSD-compatible install
configure:2350: result: /usr/bin/install -c
configure:2361: checking whether build environment is sane
configure:2411: result: yes
configure:2460: checking for ubicom32-linux-uclibc-strip
configure:2487: result: ubicom32-linux-uclibc-strip
configure:2552: checking for a thread-safe mkdir -p
configure:2591: result: /bin/mkdir -p
configure:2604: checking for gawk
configure:2620: found /usr/bin/gawk
configure:2631: result: gawk
configure:2642: checking whether make sets $(MAKE)
configure:2664: result: yes
configure:2745: checking whether to enable maintainer-specific portions of Makefiles
configure:2754: result: no
configure:2778: checking for ubicom32-linux-uclibc-gcc
configure:2805: result: ubicom32-linux-uclibc-gcc
configure:3074: checking for C compiler version
configure:3083: ubicom32-linux-uclibc-gcc --version >&5
ubicom32-linux-uclibc-gcc (GCC) 4.4.1
Copyright (C) 2009 Free Software Foundation, Inc.
This is free software; see the source for copying conditions.  There is NO
warranty; not even for MERCHANTABILITY or FITNESS FOR A PARTICULAR PURPOSE.

configure:3094: $? = 0
configure:3083: ubicom32-linux-uclibc-gcc -v >&5
Using built-in specs.
Target: ubicom32-linux-uclibc
Configured with: /home/leo/project/tmp/ubicom32_sdk32x_gcc-4.4.1_uclibc-0.9.30.1.build-v02/build/ubicom32toolchain/gcc/configure --cache-file=./config.cache --with-gnu-as --with-gnu-ld --disable-werror --enable-gdbmi --enable-install-libbfd --enable-libada=no --enable-libssp=no --enable-rda=no --prefix=/opt/ubicom32_sdk32x_gcc-4.4.1_uclibc-0.9.30.1_v02 --with-gmp=/opt/ubicom32_sdk32x_gcc-4.4.1_uclibc-0.9.30.1_v02 --with-mpfr=/opt/ubicom32_sdk32x_gcc-4.4.1_uclibc-0.9.30.1_v02 --without-newlib --enable-threads=posix --with-sysroot=/opt/ubicom32_sdk32x_gcc-4.4.1_uclibc-0.9.30.1_v02/ubicom32-linux-uclibc/runtime --enable-languages=c,c++ --program-transform-name='s,^,ubicom32-linux-uclibc-,' --build=i686-pc-linux-gnu --host=i686-pc-linux-gnu --target=ubicom32-linux-uclibc --srcdir=/home/leo/project/tmp/ubicom32_sdk32x_gcc-4.4.1_uclibc-0.9.30.1.build-v02/build/ubicom32toolchain/gcc
Thread model: posix
gcc version 4.4.1 (GCC) 
configure:3094: $? = 0
configure:3083: ubicom32-linux-uclibc-gcc -V >&5
ubicom32-linux-uclibc-gcc: '-V' option must have argument
configure:3094: $? = 1
configure:3083: ubicom32-linux-uclibc-gcc -qversion >&5
ubicom32-linux-uclibc-gcc: unrecognized option '-qversion'
ubicom32-linux-uclibc-gcc: no input files
configure:3094: $? = 1
configure:3114: checking whether the C compiler works
configure:3136: ubicom32-linux-uclibc-gcc -O2 -static  -march=ubicom32v5 conftest.c  >&5
configure:3140: $? = 0
configure:3188: result: yes
configure:3191: checking for C compiler default output file name
configure:3193: result: a.out
configure:3199: checking for suffix of executables
configure:3206: ubicom32-linux-uclibc-gcc -o conftest -O2 -static  -march=ubicom32v5 conftest.c  >&5
configure:3210: $? = 0
configure:3232: result: 
configure:3254: checking whether we are cross compiling
configure:3262: ubicom32-linux-uclibc-gcc -o conftest -O2 -static  -march=ubicom32v5 conftest.c  >&5
configure:3266: $? = 0
configure:3273: ./conftest
./configure: line 3275: ./conftest: cannot execute binary file
configure:3277: $? = 126
configure:3292: result: yes
configure:3297: checking for suffix of object files
configure:3319: ubicom32-linux-uclibc-gcc -c -O2 -static  conftest.c >&5
configure:3323: $? = 0
configure:3344: result: o
configure:3348: checking whether we are using the GNU C compiler
configure:3367: ubicom32-linux-uclibc-gcc -c -O2 -static  conftest.c >&5
configure:3367: $? = 0
configure:3376: result: yes
configure:3385: checking whether ubicom32-linux-uclibc-gcc accepts -g
configure:3405: ubicom32-linux-uclibc-gcc -c -g  conftest.c >&5
configure:3405: $? = 0
configure:3446: result: yes
configure:3463: checking for ubicom32-linux-uclibc-gcc option to accept ISO C89
configure:3527: ubicom32-linux-uclibc-gcc  -c -O2 -static  conftest.c >&5
configure:3527: $? = 0
configure:3540: result: none needed
configure:3571: checking for style of include used by make
configure:3599: result: GNU
configure:3624: checking dependency style of ubicom32-linux-uclibc-gcc
configure:3734: result: gcc3
configure:3782: checking build system type
configure:3796: result: i686-pc-linux-gnu
configure:3816: checking host system type
configure:3829: result: ubicom32-unknown-linux-uclibc
configure:3849: checking for a sed that does not truncate output
configure:3913: result: /bin/sed
configure:3931: checking for grep that handles long lines and -e
configure:3989: result: /bin/grep
configure:3994: checking for egrep
configure:4056: result: /bin/grep -E
configure:4061: checking for fgrep
configure:4123: result: /bin/grep -F
configure:4158: checking for ld used by ubicom32-linux-uclibc-gcc
configure:4225: result: ubicom32-linux-uclibc-ld
configure:4232: checking if the linker (ubicom32-linux-uclibc-ld) is GNU ld
configure:4247: result: yes
configure:4259: checking for BSD- or MS-compatible name lister (nm)
configure:4308: result: /opt/ubicom32_sdk32x_gcc-4.4.1_uclibc-0.9.30.1_v02/bin/ubicom32-linux-uclibc-nm -B
configure:4426: checking the name lister (/opt/ubicom32_sdk32x_gcc-4.4.1_uclibc-0.9.30.1_v02/bin/ubicom32-linux-uclibc-nm -B) interface
configure:4433: ubicom32-linux-uclibc-gcc -c -O2 -static  conftest.c >&5
configure:4436: /opt/ubicom32_sdk32x_gcc-4.4.1_uclibc-0.9.30.1_v02/bin/ubicom32-linux-uclibc-nm -B "conftest.o"
configure:4439: output
00000000 B some_variable
configure:4446: result: BSD nm
configure:4449: checking whether ln -s works
configure:4453: result: yes
configure:4461: checking the maximum length of command line arguments
configure:4581: result: 805306365
configure:4598: checking whether the shell understands some XSI constructs
configure:4608: result: yes
configure:4612: checking whether the shell understands "+="
configure:4618: result: yes
configure:4653: checking for ubicom32-linux-uclibc-ld option to reload object files
configure:4660: result: -r
configure:4689: checking for ubicom32-linux-uclibc-objdump
configure:4705: found /opt/ubicom32_sdk32x_gcc-4.4.1_uclibc-0.9.30.1_v02/bin/ubicom32-linux-uclibc-objdump
configure:4716: result: ubicom32-linux-uclibc-objdump
configure:4788: checking how to recognize dependent libraries
configure:4984: result: pass_all
configure:5004: checking for ubicom32-linux-uclibc-ar
configure:5031: result: ubicom32-linux-uclibc-ar
configure:5109: checking for ubicom32-linux-uclibc-strip
configure:5136: result: ubicom32-linux-uclibc-strip
configure:5208: checking for ubicom32-linux-uclibc-ranlib
configure:5235: result: ubicom32-linux-uclibc-ranlib
configure:5365: checking command to parse /opt/ubicom32_sdk32x_gcc-4.4.1_uclibc-0.9.30.1_v02/bin/ubicom32-linux-uclibc-nm -B output from ubicom32-linux-uclibc-gcc object
configure:5483: ubicom32-linux-uclibc-gcc -c -O2 -static  conftest.c >&5
configure:5486: $? = 0
configure:5490: /opt/ubicom32_sdk32x_gcc-4.4.1_uclibc-0.9.30.1_v02/bin/ubicom32-linux-uclibc-nm -B conftest.o \| sed -n -e 's/^.*[	 ]\([ABCDGIRSTW][ABCDGIRSTW]*\)[	 ][	 ]*\([_A-Za-z][_A-Za-z0-9]*\)$/\1 \2 \2/p' \> conftest.nm
configure:5493: $? = 0
configure:5547: ubicom32-linux-uclibc-gcc -o conftest -O2 -static  -march=ubicom32v5 conftest.c conftstm.o >&5
configure:5550: $? = 0
configure:5588: result: ok
configure:6397: checking how to run the C preprocessor
configure:6428: ubicom32-linux-uclibc-gcc -E  conftest.c
configure:6428: $? = 0
configure:6442: ubicom32-linux-uclibc-gcc -E  conftest.c
conftest.c:11:28: error: ac_nonexistent.h: No such file or directory
configure:6442: $? = 1
configure: failed program was:
| /* confdefs.h */
| #define PACKAGE_NAME "sg3_utils"
| #define PACKAGE_TARNAME "sg3_utils"
| #define PACKAGE_VERSION "1.32"
| #define PACKAGE_STRING "sg3_utils 1.32"
| #define PACKAGE_BUGREPORT "dgilbert@interlog.com"
| #define PACKAGE_URL ""
| #define PACKAGE "sg3_utils"
| #define VERSION "1.32"
| /* end confdefs.h.  */
| #include <ac_nonexistent.h>
configure:6467: result: ubicom32-linux-uclibc-gcc -E
configure:6487: ubicom32-linux-uclibc-gcc -E  conftest.c
configure:6487: $? = 0
configure:6501: ubicom32-linux-uclibc-gcc -E  conftest.c
conftest.c:11:28: error: ac_nonexistent.h: No such file or directory
configure:6501: $? = 1
configure: failed program was:
| /* confdefs.h */
| #define PACKAGE_NAME "sg3_utils"
| #define PACKAGE_TARNAME "sg3_utils"
| #define PACKAGE_VERSION "1.32"
| #define PACKAGE_STRING "sg3_utils 1.32"
| #define PACKAGE_BUGREPORT "dgilbert@interlog.com"
| #define PACKAGE_URL ""
| #define PACKAGE "sg3_utils"
| #define VERSION "1.32"
| /* end confdefs.h.  */
| #include <ac_nonexistent.h>
configure:6530: checking for ANSI C header files
configure:6550: ubicom32-linux-uclibc-gcc -c -O2 -static  conftest.c >&5
configure:6550: $? = 0
configure:6634: result: yes
configure:6647: checking for sys/types.h
configure:6647: ubicom32-linux-uclibc-gcc -c -O2 -static  conftest.c >&5
configure:6647: $? = 0
configure:6647: result: yes
configure:6647: checking for sys/stat.h
configure:6647: ubicom32-linux-uclibc-gcc -c -O2 -static  conftest.c >&5
configure:6647: $? = 0
configure:6647: result: yes
configure:6647: checking for stdlib.h
configure:6647: ubicom32-linux-uclibc-gcc -c -O2 -static  conftest.c >&5
configure:6647: $? = 0
configure:6647: result: yes
configure:6647: checking for string.h
configure:6647: ubicom32-linux-uclibc-gcc -c -O2 -static  conftest.c >&5
configure:6647: $? = 0
configure:6647: result: yes
configure:6647: checking for memory.h
configure:6647: ubicom32-linux-uclibc-gcc -c -O2 -static  conftest.c >&5
configure:6647: $? = 0
configure:6647: result: yes
configure:6647: checking for strings.h
configure:6647: ubicom32-linux-uclibc-gcc -c -O2 -static  conftest.c >&5
configure:6647: $? = 0
configure:6647: result: yes
configure:6647: checking for inttypes.h
configure:6647: ubicom32-linux-uclibc-gcc -c -O2 -static  conftest.c >&5
configure:6647: $? = 0
configure:6647: result: yes
configure:6647: checking for stdint.h
configure:6647: ubicom32-linux-uclibc-gcc -c -O2 -static  conftest.c >&5
configure:6647: $? = 0
configure:6647: result: yes
configure:6647: checking for unistd.h
configure:6647: ubicom32-linux-uclibc-gcc -c -O2 -static  conftest.c >&5
configure:6647: $? = 0
configure:6647: result: yes
configure:6661: checking for dlfcn.h
configure:6661: ubicom32-linux-uclibc-gcc -c -O2 -static  conftest.c >&5
configure:6661: $? = 0
configure:6661: result: yes
configure:6845: checking for objdir
configure:6860: result: .libs
configure:7152: checking if ubicom32-linux-uclibc-gcc supports -fno-rtti -fno-exceptions
configure:7170: ubicom32-linux-uclibc-gcc -c -O2 -static  -fno-rtti -fno-exceptions conftest.c >&5
cc1: warning: command line option "-fno-rtti" is valid for C++/ObjC++ but not for C
configure:7174: $? = 0
configure:7187: result: no
configure:7207: checking for ubicom32-linux-uclibc-gcc option to produce PIC
configure:7479: result: -fPIC -DPIC
configure:7491: checking if ubicom32-linux-uclibc-gcc PIC flag -fPIC -DPIC works
configure:7509: ubicom32-linux-uclibc-gcc -c -O2 -static  -fPIC -DPIC -DPIC conftest.c >&5
configure:7513: $? = 0
configure:7526: result: yes
configure:7550: checking if ubicom32-linux-uclibc-gcc static flag -static works
configure:7578: result: yes
configure:7593: checking if ubicom32-linux-uclibc-gcc supports -c -o file.o
configure:7614: ubicom32-linux-uclibc-gcc -c -O2 -static  -o out/conftest2.o conftest.c >&5
configure:7618: $? = 0
configure:7640: result: yes
configure:7648: checking if ubicom32-linux-uclibc-gcc supports -c -o file.o
configure:7695: result: yes
configure:7728: checking whether the ubicom32-linux-uclibc-gcc linker (ubicom32-linux-uclibc-ld) supports shared libraries
configure:8719: result: yes
configure:8756: checking whether -lc should be explicitly linked in
configure:8761: ubicom32-linux-uclibc-gcc -c -O2 -static  conftest.c >&5
configure:8764: $? = 0
configure:8779: ubicom32-linux-uclibc-gcc -shared conftest.o  -v -Wl,-soname -Wl,conftest -o conftest 2\>\&1 \| /bin/grep  -lc  \>/dev/null 2\>\&1
configure:8782: $? = 0
configure:8794: result: no
configure:8958: checking dynamic linker characteristics
configure:9391: ubicom32-linux-uclibc-gcc -o conftest -O2 -static  -march=ubicom32v5 -Wl,-rpath -Wl,/foo conftest.c  >&5
configure:9391: $? = 0
configure:9621: result: GNU/Linux ld.so
configure:9723: checking how to hardcode library paths into programs
configure:9748: result: immediate
configure:10268: checking whether stripping libraries is possible
configure:10273: result: yes
configure:10308: checking if libtool supports shared libraries
configure:10310: result: yes
configure:10313: checking whether to build shared libraries
configure:10334: result: yes
configure:10337: checking whether to build static libraries
configure:10341: result: yes
configure:10378: checking for ANSI C header files
configure:10482: result: yes
configure:10493: checking for linux/types.h
configure:10493: ubicom32-linux-uclibc-gcc -c -O2 -static  conftest.c >&5
configure:10493: $? = 0
configure:10493: result: yes
configure:10493: checking for linux/bsg.h
configure:10493: ubicom32-linux-uclibc-gcc -c -O2 -static  conftest.c >&5
configure:10493: $? = 0
configure:10493: result: yes
configure:10493: checking for linux/kdev_t.h
configure:10493: ubicom32-linux-uclibc-gcc -c -O2 -static  conftest.c >&5
configure:10493: $? = 0
configure:10493: result: yes
configure:10511: checking for getopt_long
configure:10511: ubicom32-linux-uclibc-gcc -o conftest -O2 -static  -march=ubicom32v5 conftest.c  >&5
configure:10511: $? = 0
configure:10511: result: yes
configure:10524: checking for posix_fadvise
configure:10524: ubicom32-linux-uclibc-gcc -o conftest -O2 -static  -march=ubicom32v5 conftest.c  >&5
configure:10524: $? = 0
configure:10524: result: yes
configure:10836: creating ./config.status

## ---------------------- ##
## Running config.status. ##
## ---------------------- ##

This file was extended by sg3_utils config.status 1.32, which was
generated by GNU Autoconf 2.67.  Invocation command line was

  CONFIG_FILES    = 
  CONFIG_HEADERS  = 
  CONFIG_LINKS    = 
  CONFIG_COMMANDS = 
  $ ./config.status 

on apollo

config.status:1097: creating Makefile
config.status:1097: creating include/Makefile
config.status:1097: creating lib/Makefile
config.status:1097: creating src/Makefile
config.status:1097: creating doc/Makefile
config.status:1097: creating config.h
config.status:1325: executing depfiles commands
config.status:1325: executing libtool commands

## ---------------- ##
## Cache variables. ##
## ---------------- ##

ac_cv_build=i686-pc-linux-gnu
ac_cv_c_compiler_gnu=yes
ac_cv_env_CC_set=set
ac_cv_env_CC_value=ubicom32-linux-uclibc-gcc
ac_cv_env_CFLAGS_set=set
ac_cv_env_CFLAGS_value='-O2 -static'
ac_cv_env_CPPFLAGS_set=
ac_cv_env_CPPFLAGS_value=
ac_cv_env_CPP_set=
ac_cv_env_CPP_value=
ac_cv_env_LDFLAGS_set=set
ac_cv_env_LDFLAGS_value=-march=ubicom32v5
ac_cv_env_LIBS_set=
ac_cv_env_LIBS_value=
ac_cv_env_build_alias_set=
ac_cv_env_build_alias_value=
ac_cv_env_host_alias_set=set
ac_cv_env_host_alias_value=ubicom32-linux-uclibc
ac_cv_env_target_alias_set=
ac_cv_env_target_alias_value=
ac_cv_func_getopt_long=yes
ac_cv_func_posix_fadvise=yes
ac_cv_header_dlfcn_h=yes
ac_cv_header_inttypes_h=yes
ac_cv_header_linux_bsg_h=yes
ac_cv_header_linux_kdev_t_h=yes
ac_cv_header_linux_types_h=yes
ac_cv_header_memory_h=yes
ac_cv_header_stdc=yes
ac_cv_header_stdint_h=yes
ac_cv_header_stdlib_h=yes
ac_cv_header_string_h=yes
ac_cv_header_strings_h=yes
ac_cv_header_sys_stat_h=yes
ac_cv_header_sys_types_h=yes
ac_cv_header_unistd_h=yes
ac_cv_host=ubicom32-unknown-linux-uclibc
ac_cv_objext=o
ac_cv_path_EGREP='/bin/grep -E'
ac_cv_path_FGREP='/bin/grep -F'
ac_cv_path_GREP=/bin/grep
ac_cv_path_SED=/bin/sed
ac_cv_path_install='/usr/bin/install -c'
ac_cv_path_mkdir=/bin/mkdir
ac_cv_prog_AR=ubicom32-linux-uclibc-ar
ac_cv_prog_AWK=gawk
ac_cv_prog_CC=ubicom32-linux-uclibc-gcc
ac_cv_prog_CPP='ubicom32-linux-uclibc-gcc -E'
ac_cv_prog_OBJDUMP=ubicom32-linux-uclibc-objdump
ac_cv_prog_RANLIB=ubicom32-linux-uclibc-ranlib
ac_cv_prog_STRIP=ubicom32-linux-uclibc-strip
ac_cv_prog_cc_c89=
ac_cv_prog_cc_g=yes
ac_cv_prog_make_make_set=yes
am_cv_CC_dependencies_compiler_type=gcc3
lt_cv_deplibs_check_method=pass_all
lt_cv_file_magic_cmd='$MAGIC_CMD'
lt_cv_file_magic_test_file=
lt_cv_ld_reload_flag=-r
lt_cv_nm_interface='BSD nm'
lt_cv_objdir=.libs
lt_cv_path_LD=ubicom32-linux-uclibc-ld
lt_cv_path_NM='/opt/ubicom32_sdk32x_gcc-4.4.1_uclibc-0.9.30.1_v02/bin/ubicom32-linux-uclibc-nm -B'
lt_cv_prog_compiler_c_o=yes
lt_cv_prog_compiler_pic_works=yes
lt_cv_prog_compiler_rtti_exceptions=no
lt_cv_prog_compiler_static_works=yes
lt_cv_prog_gnu_ld=yes
lt_cv_sys_global_symbol_pipe='sed -n -e '\''s/^.*[	 ]\([ABCDGIRSTW][ABCDGIRSTW]*\)[	 ][	 ]*\([_A-Za-z][_A-Za-z0-9]*\)$/\1 \2 \2/p'\'''
lt_cv_sys_global_symbol_to_c_name_address='sed -n -e '\''s/^: \([^ ]*\) $/  {\"\1\", (void *) 0},/p'\'' -e '\''s/^[ABCDGIRSTW]* \([^ ]*\) \([^ ]*\)$/  {"\2", (void *) \&\2},/p'\'''
lt_cv_sys_global_symbol_to_c_name_address_lib_prefix='sed -n -e '\''s/^: \([^ ]*\) $/  {\"\1\", (void *) 0},/p'\'' -e '\''s/^[ABCDGIRSTW]* \([^ ]*\) \(lib[^ ]*\)$/  {"\2", (void *) \&\2},/p'\'' -e '\''s/^[ABCDGIRSTW]* \([^ ]*\) \([^ ]*\)$/  {"lib\2", (void *) \&\2},/p'\'''
lt_cv_sys_global_symbol_to_cdecl='sed -n -e '\''s/^T .* \(.*\)$/extern int \1();/p'\'' -e '\''s/^[ABCDGIRSTW]* .* \(.*\)$/extern char \1;/p'\'''
lt_cv_sys_max_cmd_len=805306365

## ----------------- ##
## Output variables. ##
## ----------------- ##

ACLOCAL='${SHELL} /home/jeremy_lin/project/GPL/0514_pro/elbox_WRGND15/progs.gpl/sg3_utils/sg3_utils-1.32/missing --run aclocal-1.11'
AMDEPBACKSLASH='\'
AMDEP_FALSE='#'
AMDEP_TRUE=''
AMTAR='${SHELL} /home/jeremy_lin/project/GPL/0514_pro/elbox_WRGND15/progs.gpl/sg3_utils/sg3_utils-1.32/missing --run tar'
AR='ubicom32-linux-uclibc-ar'
AUTOCONF='${SHELL} /home/jeremy_lin/project/GPL/0514_pro/elbox_WRGND15/progs.gpl/sg3_utils/sg3_utils-1.32/missing --run autoconf'
AUTOHEADER='${SHELL} /home/jeremy_lin/project/GPL/0514_pro/elbox_WRGND15/progs.gpl/sg3_utils/sg3_utils-1.32/missing --run autoheader'
AUTOMAKE='${SHELL} /home/jeremy_lin/project/GPL/0514_pro/elbox_WRGND15/progs.gpl/sg3_utils/sg3_utils-1.32/missing --run automake-1.11'
AWK='gawk'
CC='ubicom32-linux-uclibc-gcc'
CCDEPMODE='depmode=gcc3'
CFLAGS='-O2 -static'
CPP='ubicom32-linux-uclibc-gcc -E'
CPPFLAGS=''
CYGPATH_W='echo'
DEFS='-DHAVE_CONFIG_H'
DEPDIR='.deps'
DSYMUTIL=''
DUMPBIN=''
ECHO_C=''
ECHO_N='-n'
ECHO_T=''
EGREP='/bin/grep -E'
EXEEXT=''
FGREP='/bin/grep -F'
GETOPT_O_FILES=''
GREP='/bin/grep'
INSTALL_DATA='${INSTALL} -m 644'
INSTALL_PROGRAM='${INSTALL}'
INSTALL_SCRIPT='${INSTALL}'
INSTALL_STRIP_PROGRAM='$(install_sh) -c -s'
LD='ubicom32-linux-uclibc-ld'
LDFLAGS='-march=ubicom32v5'
LIBOBJS=''
LIBS=''
LIBTOOL='$(SHELL) $(top_builddir)/libtool'
LIPO=''
LN_S='ln -s'
LTLIBOBJS=''
MAINT='#'
MAINTAINER_MODE_FALSE=''
MAINTAINER_MODE_TRUE='#'
MAKEINFO='${SHELL} /home/jeremy_lin/project/GPL/0514_pro/elbox_WRGND15/progs.gpl/sg3_utils/sg3_utils-1.32/missing --run makeinfo'
MKDIR_P='/bin/mkdir -p'
NM='/opt/ubicom32_sdk32x_gcc-4.4.1_uclibc-0.9.30.1_v02/bin/ubicom32-linux-uclibc-nm -B'
NMEDIT=''
OBJDUMP='ubicom32-linux-uclibc-objdump'
OBJEXT='o'
OS_FREEBSD_FALSE=''
OS_FREEBSD_TRUE='#'
OS_LINUX_FALSE='#'
OS_LINUX_TRUE=''
OS_OSF_FALSE=''
OS_OSF_TRUE='#'
OS_SOLARIS_FALSE=''
OS_SOLARIS_TRUE='#'
OS_WIN32_CYGWIN_FALSE=''
OS_WIN32_CYGWIN_TRUE='#'
OS_WIN32_MINGW_FALSE=''
OS_WIN32_MINGW_TRUE='#'
OTOOL64=''
OTOOL=''
PACKAGE='sg3_utils'
PACKAGE_BUGREPORT='dgilbert@interlog.com'
PACKAGE_NAME='sg3_utils'
PACKAGE_STRING='sg3_utils 1.32'
PACKAGE_TARNAME='sg3_utils'
PACKAGE_URL=''
PACKAGE_VERSION='1.32'
PATH_SEPARATOR=':'
RANLIB='ubicom32-linux-uclibc-ranlib'
SED='/bin/sed'
SET_MAKE=''
SHELL='/bin/sh'
STRIP='ubicom32-linux-uclibc-strip'
VERSION='1.32'
ac_ct_CC=''
ac_ct_DUMPBIN=''
am__EXEEXT_FALSE=''
am__EXEEXT_TRUE='#'
am__fastdepCC_FALSE='#'
am__fastdepCC_TRUE=''
am__include='include'
am__isrc=''
am__leading_dot='.'
am__quote=''
am__tar='${AMTAR} chof - "$$tardir"'
am__untar='${AMTAR} xf -'
bindir='${exec_prefix}/bin'
build='i686-pc-linux-gnu'
build_alias=''
build_cpu='i686'
build_os='linux-gnu'
build_vendor='pc'
datadir='${datarootdir}'
datarootdir='${prefix}/share'
docdir='${datarootdir}/doc/${PACKAGE_TARNAME}'
dvidir='${docdir}'
exec_prefix='${prefix}'
host='ubicom32-unknown-linux-uclibc'
host_alias='ubicom32-linux-uclibc'
host_cpu='ubicom32'
host_os='linux-uclibc'
host_vendor='unknown'
htmldir='${docdir}'
includedir='${prefix}/include'
infodir='${datarootdir}/info'
install_sh='${SHELL} /home/jeremy_lin/project/GPL/0514_pro/elbox_WRGND15/progs.gpl/sg3_utils/sg3_utils-1.32/install-sh'
libdir='${exec_prefix}/lib'
libexecdir='${exec_prefix}/libexec'
localedir='${datarootdir}/locale'
localstatedir='${prefix}/var'
lt_ECHO='echo'
mandir='${datarootdir}/man'
mkdir_p='/bin/mkdir -p'
oldincludedir='/usr/include'
os_libs=''
pdfdir='${docdir}'
prefix='/usr/local'
program_transform_name='s,x,x,'
psdir='${docdir}'
sbindir='${exec_prefix}/sbin'
sharedstatedir='${prefix}/com'
sysconfdir='${prefix}/etc'
target_alias=''

## ----------- ##
## confdefs.h. ##
## ----------- ##

/* confdefs.h */
#define PACKAGE_NAME "sg3_utils"
#define PACKAGE_TARNAME "sg3_utils"
#define PACKAGE_VERSION "1.32"
#define PACKAGE_STRING "sg3_utils 1.32"
#define PACKAGE_BUGREPORT "dgilbert@interlog.com"
#define PACKAGE_URL ""
#define PACKAGE "sg3_utils"
#define VERSION "1.32"
#define STDC_HEADERS 1
#define HAVE_SYS_TYPES_H 1
#define HAVE_SYS_STAT_H 1
#define HAVE_STDLIB_H 1
#define HAVE_STRING_H 1
#define HAVE_MEMORY_H 1
#define HAVE_STRINGS_H 1
#define HAVE_INTTYPES_H 1
#define HAVE_STDINT_H 1
#define HAVE_UNISTD_H 1
#define HAVE_DLFCN_H 1
#define LT_OBJDIR ".libs/"
#define STDC_HEADERS 1
#define HAVE_LINUX_TYPES_H 1
#define HAVE_LINUX_BSG_H 1
#define HAVE_LINUX_KDEV_T_H 1
#define HAVE_GETOPT_LONG 1
#define HAVE_POSIX_FADVISE 1
#define SG_LIB_BUILD_HOST "ubicom32-unknown-linux-uclibc"
#define SG_LIB_LINUX 1

configure: exit 0
