This file contains any messages produced by compilers while
running configure, to aid debugging if configure makes a mistake.

It was created by json-c configure 0.9, which was
generated by GNU Autoconf 2.66.  Invocation command line was

  $ ./configure --build=i386-linux --host=ubicom32-linux-uclibc CFLAGS=-Os -Wall -D_LARGEFILE_SOURCE -D_LARGEFILE64_SOURCE -D_FILE_OFFSET_BITS=64 -D__ARCH_USE_MMU__ -D__UCLIBC__ -fno-strict-aliasing -pipe -march=ubicom32v5 -DUBICOM32_ARCH_VERSION=5 -DIP8000 -Dubicom32 -I/opt/ubicom32_sdk32x_gcc-4.4.1_uclibc-0.9.30.1_v02/ubicom32-linux-uclibc/runtime/usr/include -mfdpic -muclibc -fmath-errno -ftrapping-math -fweb -mhard-float -Os -Wall -D_LARGEFILE_SOURCE -D_LARGEFILE64_SOURCE -D_FILE_OFFSET_BITS=64 -D__ARCH_USE_MMU__ -D__UCLIBC__ -fno-strict-aliasing -pipe -march=ubicom32v5 -DUBICOM32_ARCH_VERSION=5 -DIP8000 -Dubicom32 -I/opt/ubicom32_sdk32x_gcc-4.4.1_uclibc-0.9.30.1_v02/ubicom32-linux-uclibc/runtime/usr/include -mfdpic -muclibc -fmath-errno -ftrapping-math -fweb -mhard-float

## --------- ##
## Platform. ##
## --------- ##

hostname = apollo
uname -m = i686
uname -r = 2.6.35-22-generic
uname -s = Linux
uname -v = #35-Ubuntu SMP Sat Oct 16 20:36:48 UTC 2010

/usr/bin/uname -p = unknown
/bin/uname -X     = unknown

/bin/arch              = unknown
/usr/bin/arch -k       = unknown
/usr/convex/getsysinfo = unknown
/usr/bin/hostinfo      = unknown
/bin/machine           = unknown
/usr/bin/oslevel       = unknown
/bin/universe          = unknown

PATH: /opt/ubicom32_sdk32x_gcc-4.4.1_uclibc-0.9.30.1_v02/bin
PATH: /opt/ubicom32_sdk32x_gcc-4.4.1_uclibc-0.9.30.1_v02/bin
PATH: /usr/local/sbin
PATH: /usr/local/bin
PATH: /usr/sbin
PATH: /usr/bin
PATH: /sbin
PATH: /bin
PATH: /usr/games


## ----------- ##
## Core tests. ##
## ----------- ##

configure:2399: checking for a BSD-compatible install
configure:2467: result: /usr/bin/install -c
configure:2478: checking whether build environment is sane
configure:2515: result: yes
configure:2540: checking for a thread-safe mkdir -p
configure:2579: result: /bin/mkdir -p
configure:2592: checking for gawk
configure:2608: found /usr/bin/gawk
configure:2619: result: gawk
configure:2630: checking whether make sets $(MAKE)
configure:2652: result: yes
configure:2730: checking for ubicom32-linux-uclibc-strip
configure:2757: result: ubicom32-linux-uclibc-strip
configure:2854: checking for style of include used by make
configure:2882: result: GNU
configure:2912: checking for ubicom32-linux-uclibc-gcc
configure:2939: result: ubicom32-linux-uclibc-gcc
configure:3208: checking for C compiler version
configure:3217: ubicom32-linux-uclibc-gcc --version >&5
ubicom32-linux-uclibc-gcc (GCC) 4.4.1
Copyright (C) 2009 Free Software Foundation, Inc.
This is free software; see the source for copying conditions.  There is NO
warranty; not even for MERCHANTABILITY or FITNESS FOR A PARTICULAR PURPOSE.

configure:3228: $? = 0
configure:3217: ubicom32-linux-uclibc-gcc -v >&5
Using built-in specs.
Target: ubicom32-linux-uclibc
Configured with: /home/leo/project/tmp/ubicom32_sdk32x_gcc-4.4.1_uclibc-0.9.30.1.build-v02/build/ubicom32toolchain/gcc/configure --cache-file=./config.cache --with-gnu-as --with-gnu-ld --disable-werror --enable-gdbmi --enable-install-libbfd --enable-libada=no --enable-libssp=no --enable-rda=no --prefix=/opt/ubicom32_sdk32x_gcc-4.4.1_uclibc-0.9.30.1_v02 --with-gmp=/opt/ubicom32_sdk32x_gcc-4.4.1_uclibc-0.9.30.1_v02 --with-mpfr=/opt/ubicom32_sdk32x_gcc-4.4.1_uclibc-0.9.30.1_v02 --without-newlib --enable-threads=posix --with-sysroot=/opt/ubicom32_sdk32x_gcc-4.4.1_uclibc-0.9.30.1_v02/ubicom32-linux-uclibc/runtime --enable-languages=c,c++ --program-transform-name='s,^,ubicom32-linux-uclibc-,' --build=i686-pc-linux-gnu --host=i686-pc-linux-gnu --target=ubicom32-linux-uclibc --srcdir=/home/leo/project/tmp/ubicom32_sdk32x_gcc-4.4.1_uclibc-0.9.30.1.build-v02/build/ubicom32toolchain/gcc
Thread model: posix
gcc version 4.4.1 (GCC) 
configure:3228: $? = 0
configure:3217: ubicom32-linux-uclibc-gcc -V >&5
ubicom32-linux-uclibc-gcc: '-V' option must have argument
configure:3228: $? = 1
configure:3217: ubicom32-linux-uclibc-gcc -qversion >&5
ubicom32-linux-uclibc-gcc: unrecognized option '-qversion'
ubicom32-linux-uclibc-gcc: no input files
configure:3228: $? = 1
configure:3248: checking whether the C compiler works
configure:3270: ubicom32-linux-uclibc-gcc -Os -Wall -D_LARGEFILE_SOURCE -D_LARGEFILE64_SOURCE -D_FILE_OFFSET_BITS=64 -D__ARCH_USE_MMU__ -D__UCLIBC__ -fno-strict-aliasing -pipe -march=ubicom32v5 -DUBICOM32_ARCH_VERSION=5 -DIP8000 -Dubicom32 -I/opt/ubicom32_sdk32x_gcc-4.4.1_uclibc-0.9.30.1_v02/ubicom32-linux-uclibc/runtime/usr/include -mfdpic -muclibc -fmath-errno -ftrapping-math -fweb -mhard-float -Os -Wall -D_LARGEFILE_SOURCE -D_LARGEFILE64_SOURCE -D_FILE_OFFSET_BITS=64 -D__ARCH_USE_MMU__ -D__UCLIBC__ -fno-strict-aliasing -pipe -march=ubicom32v5 -DUBICOM32_ARCH_VERSION=5 -DIP8000 -Dubicom32 -I/opt/ubicom32_sdk32x_gcc-4.4.1_uclibc-0.9.30.1_v02/ubicom32-linux-uclibc/runtime/usr/include -mfdpic -muclibc -fmath-errno -ftrapping-math -fweb -mhard-float  -march=ubicom32v5 conftest.c  >&5
configure:3274: $? = 0
configure:3322: result: yes
configure:3325: checking for C compiler default output file name
configure:3327: result: a.out
configure:3333: checking for suffix of executables
configure:3340: ubicom32-linux-uclibc-gcc -o conftest -Os -Wall -D_LARGEFILE_SOURCE -D_LARGEFILE64_SOURCE -D_FILE_OFFSET_BITS=64 -D__ARCH_USE_MMU__ -D__UCLIBC__ -fno-strict-aliasing -pipe -march=ubicom32v5 -DUBICOM32_ARCH_VERSION=5 -DIP8000 -Dubicom32 -I/opt/ubicom32_sdk32x_gcc-4.4.1_uclibc-0.9.30.1_v02/ubicom32-linux-uclibc/runtime/usr/include -mfdpic -muclibc -fmath-errno -ftrapping-math -fweb -mhard-float -Os -Wall -D_LARGEFILE_SOURCE -D_LARGEFILE64_SOURCE -D_FILE_OFFSET_BITS=64 -D__ARCH_USE_MMU__ -D__UCLIBC__ -fno-strict-aliasing -pipe -march=ubicom32v5 -DUBICOM32_ARCH_VERSION=5 -DIP8000 -Dubicom32 -I/opt/ubicom32_sdk32x_gcc-4.4.1_uclibc-0.9.30.1_v02/ubicom32-linux-uclibc/runtime/usr/include -mfdpic -muclibc -fmath-errno -ftrapping-math -fweb -mhard-float  -march=ubicom32v5 conftest.c  >&5
configure:3344: $? = 0
configure:3366: result: 
configure:3388: checking whether we are cross compiling
configure:3426: result: yes
configure:3431: checking for suffix of object files
configure:3453: ubicom32-linux-uclibc-gcc -c -Os -Wall -D_LARGEFILE_SOURCE -D_LARGEFILE64_SOURCE -D_FILE_OFFSET_BITS=64 -D__ARCH_USE_MMU__ -D__UCLIBC__ -fno-strict-aliasing -pipe -march=ubicom32v5 -DUBICOM32_ARCH_VERSION=5 -DIP8000 -Dubicom32 -I/opt/ubicom32_sdk32x_gcc-4.4.1_uclibc-0.9.30.1_v02/ubicom32-linux-uclibc/runtime/usr/include -mfdpic -muclibc -fmath-errno -ftrapping-math -fweb -mhard-float -Os -Wall -D_LARGEFILE_SOURCE -D_LARGEFILE64_SOURCE -D_FILE_OFFSET_BITS=64 -D__ARCH_USE_MMU__ -D__UCLIBC__ -fno-strict-aliasing -pipe -march=ubicom32v5 -DUBICOM32_ARCH_VERSION=5 -DIP8000 -Dubicom32 -I/opt/ubicom32_sdk32x_gcc-4.4.1_uclibc-0.9.30.1_v02/ubicom32-linux-uclibc/runtime/usr/include -mfdpic -muclibc -fmath-errno -ftrapping-math -fweb -mhard-float  conftest.c >&5
configure:3457: $? = 0
configure:3478: result: o
configure:3482: checking whether we are using the GNU C compiler
configure:3501: ubicom32-linux-uclibc-gcc -c -Os -Wall -D_LARGEFILE_SOURCE -D_LARGEFILE64_SOURCE -D_FILE_OFFSET_BITS=64 -D__ARCH_USE_MMU__ -D__UCLIBC__ -fno-strict-aliasing -pipe -march=ubicom32v5 -DUBICOM32_ARCH_VERSION=5 -DIP8000 -Dubicom32 -I/opt/ubicom32_sdk32x_gcc-4.4.1_uclibc-0.9.30.1_v02/ubicom32-linux-uclibc/runtime/usr/include -mfdpic -muclibc -fmath-errno -ftrapping-math -fweb -mhard-float -Os -Wall -D_LARGEFILE_SOURCE -D_LARGEFILE64_SOURCE -D_FILE_OFFSET_BITS=64 -D__ARCH_USE_MMU__ -D__UCLIBC__ -fno-strict-aliasing -pipe -march=ubicom32v5 -DUBICOM32_ARCH_VERSION=5 -DIP8000 -Dubicom32 -I/opt/ubicom32_sdk32x_gcc-4.4.1_uclibc-0.9.30.1_v02/ubicom32-linux-uclibc/runtime/usr/include -mfdpic -muclibc -fmath-errno -ftrapping-math -fweb -mhard-float  conftest.c >&5
configure:3501: $? = 0
configure:3510: result: yes
configure:3519: checking whether ubicom32-linux-uclibc-gcc accepts -g
configure:3539: ubicom32-linux-uclibc-gcc -c -g  conftest.c >&5
configure:3539: $? = 0
configure:3580: result: yes
configure:3597: checking for ubicom32-linux-uclibc-gcc option to accept ISO C89
configure:3661: ubicom32-linux-uclibc-gcc  -c -Os -Wall -D_LARGEFILE_SOURCE -D_LARGEFILE64_SOURCE -D_FILE_OFFSET_BITS=64 -D__ARCH_USE_MMU__ -D__UCLIBC__ -fno-strict-aliasing -pipe -march=ubicom32v5 -DUBICOM32_ARCH_VERSION=5 -DIP8000 -Dubicom32 -I/opt/ubicom32_sdk32x_gcc-4.4.1_uclibc-0.9.30.1_v02/ubicom32-linux-uclibc/runtime/usr/include -mfdpic -muclibc -fmath-errno -ftrapping-math -fweb -mhard-float -Os -Wall -D_LARGEFILE_SOURCE -D_LARGEFILE64_SOURCE -D_FILE_OFFSET_BITS=64 -D__ARCH_USE_MMU__ -D__UCLIBC__ -fno-strict-aliasing -pipe -march=ubicom32v5 -DUBICOM32_ARCH_VERSION=5 -DIP8000 -Dubicom32 -I/opt/ubicom32_sdk32x_gcc-4.4.1_uclibc-0.9.30.1_v02/ubicom32-linux-uclibc/runtime/usr/include -mfdpic -muclibc -fmath-errno -ftrapping-math -fweb -mhard-float  conftest.c >&5
configure:3661: $? = 0
configure:3674: result: none needed
configure:3696: checking dependency style of ubicom32-linux-uclibc-gcc
configure:3787: result: gcc3
configure:3808: checking how to run the C preprocessor
configure:3839: ubicom32-linux-uclibc-gcc -E  conftest.c
configure:3839: $? = 0
configure:3853: ubicom32-linux-uclibc-gcc -E  conftest.c
conftest.c:11:28: error: ac_nonexistent.h: No such file or directory
configure:3853: $? = 1
configure: failed program was:
| /* confdefs.h */
| #define PACKAGE_NAME "json-c"
| #define PACKAGE_TARNAME "json-c"
| #define PACKAGE_VERSION "0.9"
| #define PACKAGE_STRING "json-c 0.9"
| #define PACKAGE_BUGREPORT "michael@metaparadigm.com"
| #define PACKAGE_URL ""
| #define PACKAGE "json-c"
| #define VERSION "0.9"
| /* end confdefs.h.  */
| #include <ac_nonexistent.h>
configure:3878: result: ubicom32-linux-uclibc-gcc -E
configure:3898: ubicom32-linux-uclibc-gcc -E  conftest.c
configure:3898: $? = 0
configure:3912: ubicom32-linux-uclibc-gcc -E  conftest.c
conftest.c:11:28: error: ac_nonexistent.h: No such file or directory
configure:3912: $? = 1
configure: failed program was:
| /* confdefs.h */
| #define PACKAGE_NAME "json-c"
| #define PACKAGE_TARNAME "json-c"
| #define PACKAGE_VERSION "0.9"
| #define PACKAGE_STRING "json-c 0.9"
| #define PACKAGE_BUGREPORT "michael@metaparadigm.com"
| #define PACKAGE_URL ""
| #define PACKAGE "json-c"
| #define VERSION "0.9"
| /* end confdefs.h.  */
| #include <ac_nonexistent.h>
configure:3941: checking for grep that handles long lines and -e
configure:3999: result: /bin/grep
configure:4004: checking for egrep
configure:4066: result: /bin/grep -E
configure:4071: checking for ANSI C header files
configure:4091: ubicom32-linux-uclibc-gcc -c -Os -Wall -D_LARGEFILE_SOURCE -D_LARGEFILE64_SOURCE -D_FILE_OFFSET_BITS=64 -D__ARCH_USE_MMU__ -D__UCLIBC__ -fno-strict-aliasing -pipe -march=ubicom32v5 -DUBICOM32_ARCH_VERSION=5 -DIP8000 -Dubicom32 -I/opt/ubicom32_sdk32x_gcc-4.4.1_uclibc-0.9.30.1_v02/ubicom32-linux-uclibc/runtime/usr/include -mfdpic -muclibc -fmath-errno -ftrapping-math -fweb -mhard-float -Os -Wall -D_LARGEFILE_SOURCE -D_LARGEFILE64_SOURCE -D_FILE_OFFSET_BITS=64 -D__ARCH_USE_MMU__ -D__UCLIBC__ -fno-strict-aliasing -pipe -march=ubicom32v5 -DUBICOM32_ARCH_VERSION=5 -DIP8000 -Dubicom32 -I/opt/ubicom32_sdk32x_gcc-4.4.1_uclibc-0.9.30.1_v02/ubicom32-linux-uclibc/runtime/usr/include -mfdpic -muclibc -fmath-errno -ftrapping-math -fweb -mhard-float  conftest.c >&5
configure:4091: $? = 0
configure:4175: result: yes
configure:4188: checking for sys/types.h
configure:4188: ubicom32-linux-uclibc-gcc -c -Os -Wall -D_LARGEFILE_SOURCE -D_LARGEFILE64_SOURCE -D_FILE_OFFSET_BITS=64 -D__ARCH_USE_MMU__ -D__UCLIBC__ -fno-strict-aliasing -pipe -march=ubicom32v5 -DUBICOM32_ARCH_VERSION=5 -DIP8000 -Dubicom32 -I/opt/ubicom32_sdk32x_gcc-4.4.1_uclibc-0.9.30.1_v02/ubicom32-linux-uclibc/runtime/usr/include -mfdpic -muclibc -fmath-errno -ftrapping-math -fweb -mhard-float -Os -Wall -D_LARGEFILE_SOURCE -D_LARGEFILE64_SOURCE -D_FILE_OFFSET_BITS=64 -D__ARCH_USE_MMU__ -D__UCLIBC__ -fno-strict-aliasing -pipe -march=ubicom32v5 -DUBICOM32_ARCH_VERSION=5 -DIP8000 -Dubicom32 -I/opt/ubicom32_sdk32x_gcc-4.4.1_uclibc-0.9.30.1_v02/ubicom32-linux-uclibc/runtime/usr/include -mfdpic -muclibc -fmath-errno -ftrapping-math -fweb -mhard-float  conftest.c >&5
configure:4188: $? = 0
configure:4188: result: yes
configure:4188: checking for sys/stat.h
configure:4188: ubicom32-linux-uclibc-gcc -c -Os -Wall -D_LARGEFILE_SOURCE -D_LARGEFILE64_SOURCE -D_FILE_OFFSET_BITS=64 -D__ARCH_USE_MMU__ -D__UCLIBC__ -fno-strict-aliasing -pipe -march=ubicom32v5 -DUBICOM32_ARCH_VERSION=5 -DIP8000 -Dubicom32 -I/opt/ubicom32_sdk32x_gcc-4.4.1_uclibc-0.9.30.1_v02/ubicom32-linux-uclibc/runtime/usr/include -mfdpic -muclibc -fmath-errno -ftrapping-math -fweb -mhard-float -Os -Wall -D_LARGEFILE_SOURCE -D_LARGEFILE64_SOURCE -D_FILE_OFFSET_BITS=64 -D__ARCH_USE_MMU__ -D__UCLIBC__ -fno-strict-aliasing -pipe -march=ubicom32v5 -DUBICOM32_ARCH_VERSION=5 -DIP8000 -Dubicom32 -I/opt/ubicom32_sdk32x_gcc-4.4.1_uclibc-0.9.30.1_v02/ubicom32-linux-uclibc/runtime/usr/include -mfdpic -muclibc -fmath-errno -ftrapping-math -fweb -mhard-float  conftest.c >&5
configure:4188: $? = 0
configure:4188: result: yes
configure:4188: checking for stdlib.h
configure:4188: ubicom32-linux-uclibc-gcc -c -Os -Wall -D_LARGEFILE_SOURCE -D_LARGEFILE64_SOURCE -D_FILE_OFFSET_BITS=64 -D__ARCH_USE_MMU__ -D__UCLIBC__ -fno-strict-aliasing -pipe -march=ubicom32v5 -DUBICOM32_ARCH_VERSION=5 -DIP8000 -Dubicom32 -I/opt/ubicom32_sdk32x_gcc-4.4.1_uclibc-0.9.30.1_v02/ubicom32-linux-uclibc/runtime/usr/include -mfdpic -muclibc -fmath-errno -ftrapping-math -fweb -mhard-float -Os -Wall -D_LARGEFILE_SOURCE -D_LARGEFILE64_SOURCE -D_FILE_OFFSET_BITS=64 -D__ARCH_USE_MMU__ -D__UCLIBC__ -fno-strict-aliasing -pipe -march=ubicom32v5 -DUBICOM32_ARCH_VERSION=5 -DIP8000 -Dubicom32 -I/opt/ubicom32_sdk32x_gcc-4.4.1_uclibc-0.9.30.1_v02/ubicom32-linux-uclibc/runtime/usr/include -mfdpic -muclibc -fmath-errno -ftrapping-math -fweb -mhard-float  conftest.c >&5
configure:4188: $? = 0
configure:4188: result: yes
configure:4188: checking for string.h
configure:4188: ubicom32-linux-uclibc-gcc -c -Os -Wall -D_LARGEFILE_SOURCE -D_LARGEFILE64_SOURCE -D_FILE_OFFSET_BITS=64 -D__ARCH_USE_MMU__ -D__UCLIBC__ -fno-strict-aliasing -pipe -march=ubicom32v5 -DUBICOM32_ARCH_VERSION=5 -DIP8000 -Dubicom32 -I/opt/ubicom32_sdk32x_gcc-4.4.1_uclibc-0.9.30.1_v02/ubicom32-linux-uclibc/runtime/usr/include -mfdpic -muclibc -fmath-errno -ftrapping-math -fweb -mhard-float -Os -Wall -D_LARGEFILE_SOURCE -D_LARGEFILE64_SOURCE -D_FILE_OFFSET_BITS=64 -D__ARCH_USE_MMU__ -D__UCLIBC__ -fno-strict-aliasing -pipe -march=ubicom32v5 -DUBICOM32_ARCH_VERSION=5 -DIP8000 -Dubicom32 -I/opt/ubicom32_sdk32x_gcc-4.4.1_uclibc-0.9.30.1_v02/ubicom32-linux-uclibc/runtime/usr/include -mfdpic -muclibc -fmath-errno -ftrapping-math -fweb -mhard-float  conftest.c >&5
configure:4188: $? = 0
configure:4188: result: yes
configure:4188: checking for memory.h
configure:4188: ubicom32-linux-uclibc-gcc -c -Os -Wall -D_LARGEFILE_SOURCE -D_LARGEFILE64_SOURCE -D_FILE_OFFSET_BITS=64 -D__ARCH_USE_MMU__ -D__UCLIBC__ -fno-strict-aliasing -pipe -march=ubicom32v5 -DUBICOM32_ARCH_VERSION=5 -DIP8000 -Dubicom32 -I/opt/ubicom32_sdk32x_gcc-4.4.1_uclibc-0.9.30.1_v02/ubicom32-linux-uclibc/runtime/usr/include -mfdpic -muclibc -fmath-errno -ftrapping-math -fweb -mhard-float -Os -Wall -D_LARGEFILE_SOURCE -D_LARGEFILE64_SOURCE -D_FILE_OFFSET_BITS=64 -D__ARCH_USE_MMU__ -D__UCLIBC__ -fno-strict-aliasing -pipe -march=ubicom32v5 -DUBICOM32_ARCH_VERSION=5 -DIP8000 -Dubicom32 -I/opt/ubicom32_sdk32x_gcc-4.4.1_uclibc-0.9.30.1_v02/ubicom32-linux-uclibc/runtime/usr/include -mfdpic -muclibc -fmath-errno -ftrapping-math -fweb -mhard-float  conftest.c >&5
configure:4188: $? = 0
configure:4188: result: yes
configure:4188: checking for strings.h
configure:4188: ubicom32-linux-uclibc-gcc -c -Os -Wall -D_LARGEFILE_SOURCE -D_LARGEFILE64_SOURCE -D_FILE_OFFSET_BITS=64 -D__ARCH_USE_MMU__ -D__UCLIBC__ -fno-strict-aliasing -pipe -march=ubicom32v5 -DUBICOM32_ARCH_VERSION=5 -DIP8000 -Dubicom32 -I/opt/ubicom32_sdk32x_gcc-4.4.1_uclibc-0.9.30.1_v02/ubicom32-linux-uclibc/runtime/usr/include -mfdpic -muclibc -fmath-errno -ftrapping-math -fweb -mhard-float -Os -Wall -D_LARGEFILE_SOURCE -D_LARGEFILE64_SOURCE -D_FILE_OFFSET_BITS=64 -D__ARCH_USE_MMU__ -D__UCLIBC__ -fno-strict-aliasing -pipe -march=ubicom32v5 -DUBICOM32_ARCH_VERSION=5 -DIP8000 -Dubicom32 -I/opt/ubicom32_sdk32x_gcc-4.4.1_uclibc-0.9.30.1_v02/ubicom32-linux-uclibc/runtime/usr/include -mfdpic -muclibc -fmath-errno -ftrapping-math -fweb -mhard-float  conftest.c >&5
configure:4188: $? = 0
configure:4188: result: yes
configure:4188: checking for inttypes.h
configure:4188: ubicom32-linux-uclibc-gcc -c -Os -Wall -D_LARGEFILE_SOURCE -D_LARGEFILE64_SOURCE -D_FILE_OFFSET_BITS=64 -D__ARCH_USE_MMU__ -D__UCLIBC__ -fno-strict-aliasing -pipe -march=ubicom32v5 -DUBICOM32_ARCH_VERSION=5 -DIP8000 -Dubicom32 -I/opt/ubicom32_sdk32x_gcc-4.4.1_uclibc-0.9.30.1_v02/ubicom32-linux-uclibc/runtime/usr/include -mfdpic -muclibc -fmath-errno -ftrapping-math -fweb -mhard-float -Os -Wall -D_LARGEFILE_SOURCE -D_LARGEFILE64_SOURCE -D_FILE_OFFSET_BITS=64 -D__ARCH_USE_MMU__ -D__UCLIBC__ -fno-strict-aliasing -pipe -march=ubicom32v5 -DUBICOM32_ARCH_VERSION=5 -DIP8000 -Dubicom32 -I/opt/ubicom32_sdk32x_gcc-4.4.1_uclibc-0.9.30.1_v02/ubicom32-linux-uclibc/runtime/usr/include -mfdpic -muclibc -fmath-errno -ftrapping-math -fweb -mhard-float  conftest.c >&5
configure:4188: $? = 0
configure:4188: result: yes
configure:4188: checking for stdint.h
configure:4188: ubicom32-linux-uclibc-gcc -c -Os -Wall -D_LARGEFILE_SOURCE -D_LARGEFILE64_SOURCE -D_FILE_OFFSET_BITS=64 -D__ARCH_USE_MMU__ -D__UCLIBC__ -fno-strict-aliasing -pipe -march=ubicom32v5 -DUBICOM32_ARCH_VERSION=5 -DIP8000 -Dubicom32 -I/opt/ubicom32_sdk32x_gcc-4.4.1_uclibc-0.9.30.1_v02/ubicom32-linux-uclibc/runtime/usr/include -mfdpic -muclibc -fmath-errno -ftrapping-math -fweb -mhard-float -Os -Wall -D_LARGEFILE_SOURCE -D_LARGEFILE64_SOURCE -D_FILE_OFFSET_BITS=64 -D__ARCH_USE_MMU__ -D__UCLIBC__ -fno-strict-aliasing -pipe -march=ubicom32v5 -DUBICOM32_ARCH_VERSION=5 -DIP8000 -Dubicom32 -I/opt/ubicom32_sdk32x_gcc-4.4.1_uclibc-0.9.30.1_v02/ubicom32-linux-uclibc/runtime/usr/include -mfdpic -muclibc -fmath-errno -ftrapping-math -fweb -mhard-float  conftest.c >&5
configure:4188: $? = 0
configure:4188: result: yes
configure:4188: checking for unistd.h
configure:4188: ubicom32-linux-uclibc-gcc -c -Os -Wall -D_LARGEFILE_SOURCE -D_LARGEFILE64_SOURCE -D_FILE_OFFSET_BITS=64 -D__ARCH_USE_MMU__ -D__UCLIBC__ -fno-strict-aliasing -pipe -march=ubicom32v5 -DUBICOM32_ARCH_VERSION=5 -DIP8000 -Dubicom32 -I/opt/ubicom32_sdk32x_gcc-4.4.1_uclibc-0.9.30.1_v02/ubicom32-linux-uclibc/runtime/usr/include -mfdpic -muclibc -fmath-errno -ftrapping-math -fweb -mhard-float -Os -Wall -D_LARGEFILE_SOURCE -D_LARGEFILE64_SOURCE -D_FILE_OFFSET_BITS=64 -D__ARCH_USE_MMU__ -D__UCLIBC__ -fno-strict-aliasing -pipe -march=ubicom32v5 -DUBICOM32_ARCH_VERSION=5 -DIP8000 -Dubicom32 -I/opt/ubicom32_sdk32x_gcc-4.4.1_uclibc-0.9.30.1_v02/ubicom32-linux-uclibc/runtime/usr/include -mfdpic -muclibc -fmath-errno -ftrapping-math -fweb -mhard-float  conftest.c >&5
configure:4188: $? = 0
configure:4188: result: yes
configure:4203: checking fcntl.h usability
configure:4203: ubicom32-linux-uclibc-gcc -c -Os -Wall -D_LARGEFILE_SOURCE -D_LARGEFILE64_SOURCE -D_FILE_OFFSET_BITS=64 -D__ARCH_USE_MMU__ -D__UCLIBC__ -fno-strict-aliasing -pipe -march=ubicom32v5 -DUBICOM32_ARCH_VERSION=5 -DIP8000 -Dubicom32 -I/opt/ubicom32_sdk32x_gcc-4.4.1_uclibc-0.9.30.1_v02/ubicom32-linux-uclibc/runtime/usr/include -mfdpic -muclibc -fmath-errno -ftrapping-math -fweb -mhard-float -Os -Wall -D_LARGEFILE_SOURCE -D_LARGEFILE64_SOURCE -D_FILE_OFFSET_BITS=64 -D__ARCH_USE_MMU__ -D__UCLIBC__ -fno-strict-aliasing -pipe -march=ubicom32v5 -DUBICOM32_ARCH_VERSION=5 -DIP8000 -Dubicom32 -I/opt/ubicom32_sdk32x_gcc-4.4.1_uclibc-0.9.30.1_v02/ubicom32-linux-uclibc/runtime/usr/include -mfdpic -muclibc -fmath-errno -ftrapping-math -fweb -mhard-float  conftest.c >&5
configure:4203: $? = 0
configure:4203: result: yes
configure:4203: checking fcntl.h presence
configure:4203: ubicom32-linux-uclibc-gcc -E  conftest.c
configure:4203: $? = 0
configure:4203: result: yes
configure:4203: checking for fcntl.h
configure:4203: result: yes
configure:4203: checking limits.h usability
configure:4203: ubicom32-linux-uclibc-gcc -c -Os -Wall -D_LARGEFILE_SOURCE -D_LARGEFILE64_SOURCE -D_FILE_OFFSET_BITS=64 -D__ARCH_USE_MMU__ -D__UCLIBC__ -fno-strict-aliasing -pipe -march=ubicom32v5 -DUBICOM32_ARCH_VERSION=5 -DIP8000 -Dubicom32 -I/opt/ubicom32_sdk32x_gcc-4.4.1_uclibc-0.9.30.1_v02/ubicom32-linux-uclibc/runtime/usr/include -mfdpic -muclibc -fmath-errno -ftrapping-math -fweb -mhard-float -Os -Wall -D_LARGEFILE_SOURCE -D_LARGEFILE64_SOURCE -D_FILE_OFFSET_BITS=64 -D__ARCH_USE_MMU__ -D__UCLIBC__ -fno-strict-aliasing -pipe -march=ubicom32v5 -DUBICOM32_ARCH_VERSION=5 -DIP8000 -Dubicom32 -I/opt/ubicom32_sdk32x_gcc-4.4.1_uclibc-0.9.30.1_v02/ubicom32-linux-uclibc/runtime/usr/include -mfdpic -muclibc -fmath-errno -ftrapping-math -fweb -mhard-float  conftest.c >&5
configure:4203: $? = 0
configure:4203: result: yes
configure:4203: checking limits.h presence
configure:4203: ubicom32-linux-uclibc-gcc -E  conftest.c
configure:4203: $? = 0
configure:4203: result: yes
configure:4203: checking for limits.h
configure:4203: result: yes
configure:4203: checking for strings.h
configure:4203: result: yes
configure:4203: checking syslog.h usability
configure:4203: ubicom32-linux-uclibc-gcc -c -Os -Wall -D_LARGEFILE_SOURCE -D_LARGEFILE64_SOURCE -D_FILE_OFFSET_BITS=64 -D__ARCH_USE_MMU__ -D__UCLIBC__ -fno-strict-aliasing -pipe -march=ubicom32v5 -DUBICOM32_ARCH_VERSION=5 -DIP8000 -Dubicom32 -I/opt/ubicom32_sdk32x_gcc-4.4.1_uclibc-0.9.30.1_v02/ubicom32-linux-uclibc/runtime/usr/include -mfdpic -muclibc -fmath-errno -ftrapping-math -fweb -mhard-float -Os -Wall -D_LARGEFILE_SOURCE -D_LARGEFILE64_SOURCE -D_FILE_OFFSET_BITS=64 -D__ARCH_USE_MMU__ -D__UCLIBC__ -fno-strict-aliasing -pipe -march=ubicom32v5 -DUBICOM32_ARCH_VERSION=5 -DIP8000 -Dubicom32 -I/opt/ubicom32_sdk32x_gcc-4.4.1_uclibc-0.9.30.1_v02/ubicom32-linux-uclibc/runtime/usr/include -mfdpic -muclibc -fmath-errno -ftrapping-math -fweb -mhard-float  conftest.c >&5
configure:4203: $? = 0
configure:4203: result: yes
configure:4203: checking syslog.h presence
configure:4203: ubicom32-linux-uclibc-gcc -E  conftest.c
configure:4203: $? = 0
configure:4203: result: yes
configure:4203: checking for syslog.h
configure:4203: result: yes
configure:4203: checking for unistd.h
configure:4203: result: yes
configure:4203: checking sys/param.h usability
configure:4203: ubicom32-linux-uclibc-gcc -c -Os -Wall -D_LARGEFILE_SOURCE -D_LARGEFILE64_SOURCE -D_FILE_OFFSET_BITS=64 -D__ARCH_USE_MMU__ -D__UCLIBC__ -fno-strict-aliasing -pipe -march=ubicom32v5 -DUBICOM32_ARCH_VERSION=5 -DIP8000 -Dubicom32 -I/opt/ubicom32_sdk32x_gcc-4.4.1_uclibc-0.9.30.1_v02/ubicom32-linux-uclibc/runtime/usr/include -mfdpic -muclibc -fmath-errno -ftrapping-math -fweb -mhard-float -Os -Wall -D_LARGEFILE_SOURCE -D_LARGEFILE64_SOURCE -D_FILE_OFFSET_BITS=64 -D__ARCH_USE_MMU__ -D__UCLIBC__ -fno-strict-aliasing -pipe -march=ubicom32v5 -DUBICOM32_ARCH_VERSION=5 -DIP8000 -Dubicom32 -I/opt/ubicom32_sdk32x_gcc-4.4.1_uclibc-0.9.30.1_v02/ubicom32-linux-uclibc/runtime/usr/include -mfdpic -muclibc -fmath-errno -ftrapping-math -fweb -mhard-float  conftest.c >&5
configure:4203: $? = 0
configure:4203: result: yes
configure:4203: checking sys/param.h presence
configure:4203: ubicom32-linux-uclibc-gcc -E  conftest.c
configure:4203: $? = 0
configure:4203: result: yes
configure:4203: checking for sys/param.h
configure:4203: result: yes
configure:4203: checking stdarg.h usability
configure:4203: ubicom32-linux-uclibc-gcc -c -Os -Wall -D_LARGEFILE_SOURCE -D_LARGEFILE64_SOURCE -D_FILE_OFFSET_BITS=64 -D__ARCH_USE_MMU__ -D__UCLIBC__ -fno-strict-aliasing -pipe -march=ubicom32v5 -DUBICOM32_ARCH_VERSION=5 -DIP8000 -Dubicom32 -I/opt/ubicom32_sdk32x_gcc-4.4.1_uclibc-0.9.30.1_v02/ubicom32-linux-uclibc/runtime/usr/include -mfdpic -muclibc -fmath-errno -ftrapping-math -fweb -mhard-float -Os -Wall -D_LARGEFILE_SOURCE -D_LARGEFILE64_SOURCE -D_FILE_OFFSET_BITS=64 -D__ARCH_USE_MMU__ -D__UCLIBC__ -fno-strict-aliasing -pipe -march=ubicom32v5 -DUBICOM32_ARCH_VERSION=5 -DIP8000 -Dubicom32 -I/opt/ubicom32_sdk32x_gcc-4.4.1_uclibc-0.9.30.1_v02/ubicom32-linux-uclibc/runtime/usr/include -mfdpic -muclibc -fmath-errno -ftrapping-math -fweb -mhard-float  conftest.c >&5
configure:4203: $? = 0
configure:4203: result: yes
configure:4203: checking stdarg.h presence
configure:4203: ubicom32-linux-uclibc-gcc -E  conftest.c
configure:4203: $? = 0
configure:4203: result: yes
configure:4203: checking for stdarg.h
configure:4203: result: yes
configure:4215: checking for an ANSI C-conforming const
configure:4280: ubicom32-linux-uclibc-gcc -c -Os -Wall -D_LARGEFILE_SOURCE -D_LARGEFILE64_SOURCE -D_FILE_OFFSET_BITS=64 -D__ARCH_USE_MMU__ -D__UCLIBC__ -fno-strict-aliasing -pipe -march=ubicom32v5 -DUBICOM32_ARCH_VERSION=5 -DIP8000 -Dubicom32 -I/opt/ubicom32_sdk32x_gcc-4.4.1_uclibc-0.9.30.1_v02/ubicom32-linux-uclibc/runtime/usr/include -mfdpic -muclibc -fmath-errno -ftrapping-math -fweb -mhard-float -Os -Wall -D_LARGEFILE_SOURCE -D_LARGEFILE64_SOURCE -D_FILE_OFFSET_BITS=64 -D__ARCH_USE_MMU__ -D__UCLIBC__ -fno-strict-aliasing -pipe -march=ubicom32v5 -DUBICOM32_ARCH_VERSION=5 -DIP8000 -Dubicom32 -I/opt/ubicom32_sdk32x_gcc-4.4.1_uclibc-0.9.30.1_v02/ubicom32-linux-uclibc/runtime/usr/include -mfdpic -muclibc -fmath-errno -ftrapping-math -fweb -mhard-float  conftest.c >&5
conftest.c: In function 'main':
conftest.c:57: warning: 't' is used uninitialized in this function
conftest.c:36: warning: 'cs[0]' is used uninitialized in this function
configure:4280: $? = 0
configure:4287: result: yes
configure:4295: checking for size_t
configure:4295: ubicom32-linux-uclibc-gcc -c -Os -Wall -D_LARGEFILE_SOURCE -D_LARGEFILE64_SOURCE -D_FILE_OFFSET_BITS=64 -D__ARCH_USE_MMU__ -D__UCLIBC__ -fno-strict-aliasing -pipe -march=ubicom32v5 -DUBICOM32_ARCH_VERSION=5 -DIP8000 -Dubicom32 -I/opt/ubicom32_sdk32x_gcc-4.4.1_uclibc-0.9.30.1_v02/ubicom32-linux-uclibc/runtime/usr/include -mfdpic -muclibc -fmath-errno -ftrapping-math -fweb -mhard-float -Os -Wall -D_LARGEFILE_SOURCE -D_LARGEFILE64_SOURCE -D_FILE_OFFSET_BITS=64 -D__ARCH_USE_MMU__ -D__UCLIBC__ -fno-strict-aliasing -pipe -march=ubicom32v5 -DUBICOM32_ARCH_VERSION=5 -DIP8000 -Dubicom32 -I/opt/ubicom32_sdk32x_gcc-4.4.1_uclibc-0.9.30.1_v02/ubicom32-linux-uclibc/runtime/usr/include -mfdpic -muclibc -fmath-errno -ftrapping-math -fweb -mhard-float  conftest.c >&5
configure:4295: $? = 0
configure:4295: ubicom32-linux-uclibc-gcc -c -Os -Wall -D_LARGEFILE_SOURCE -D_LARGEFILE64_SOURCE -D_FILE_OFFSET_BITS=64 -D__ARCH_USE_MMU__ -D__UCLIBC__ -fno-strict-aliasing -pipe -march=ubicom32v5 -DUBICOM32_ARCH_VERSION=5 -DIP8000 -Dubicom32 -I/opt/ubicom32_sdk32x_gcc-4.4.1_uclibc-0.9.30.1_v02/ubicom32-linux-uclibc/runtime/usr/include -mfdpic -muclibc -fmath-errno -ftrapping-math -fweb -mhard-float -Os -Wall -D_LARGEFILE_SOURCE -D_LARGEFILE64_SOURCE -D_FILE_OFFSET_BITS=64 -D__ARCH_USE_MMU__ -D__UCLIBC__ -fno-strict-aliasing -pipe -march=ubicom32v5 -DUBICOM32_ARCH_VERSION=5 -DIP8000 -Dubicom32 -I/opt/ubicom32_sdk32x_gcc-4.4.1_uclibc-0.9.30.1_v02/ubicom32-linux-uclibc/runtime/usr/include -mfdpic -muclibc -fmath-errno -ftrapping-math -fweb -mhard-float  conftest.c >&5
conftest.c: In function 'main':
conftest.c:64: error: expected expression before ')' token
configure:4295: $? = 1
configure: failed program was:
| /* confdefs.h */
| #define PACKAGE_NAME "json-c"
| #define PACKAGE_TARNAME "json-c"
| #define PACKAGE_VERSION "0.9"
| #define PACKAGE_STRING "json-c 0.9"
| #define PACKAGE_BUGREPORT "michael@metaparadigm.com"
| #define PACKAGE_URL ""
| #define PACKAGE "json-c"
| #define VERSION "0.9"
| #define STDC_HEADERS 1
| #define HAVE_SYS_TYPES_H 1
| #define HAVE_SYS_STAT_H 1
| #define HAVE_STDLIB_H 1
| #define HAVE_STRING_H 1
| #define HAVE_MEMORY_H 1
| #define HAVE_STRINGS_H 1
| #define HAVE_INTTYPES_H 1
| #define HAVE_STDINT_H 1
| #define HAVE_UNISTD_H 1
| #define HAVE_FCNTL_H 1
| #define HAVE_LIMITS_H 1
| #define HAVE_STRINGS_H 1
| #define HAVE_SYSLOG_H 1
| #define HAVE_UNISTD_H 1
| #define HAVE_SYS_PARAM_H 1
| #define HAVE_STDARG_H 1
| /* end confdefs.h.  */
| #include <stdio.h>
| #ifdef HAVE_SYS_TYPES_H
| # include <sys/types.h>
| #endif
| #ifdef HAVE_SYS_STAT_H
| # include <sys/stat.h>
| #endif
| #ifdef STDC_HEADERS
| # include <stdlib.h>
| # include <stddef.h>
| #else
| # ifdef HAVE_STDLIB_H
| #  include <stdlib.h>
| # endif
| #endif
| #ifdef HAVE_STRING_H
| # if !defined STDC_HEADERS && defined HAVE_MEMORY_H
| #  include <memory.h>
| # endif
| # include <string.h>
| #endif
| #ifdef HAVE_STRINGS_H
| # include <strings.h>
| #endif
| #ifdef HAVE_INTTYPES_H
| # include <inttypes.h>
| #endif
| #ifdef HAVE_STDINT_H
| # include <stdint.h>
| #endif
| #ifdef HAVE_UNISTD_H
| # include <unistd.h>
| #endif
| int
| main ()
| {
| if (sizeof ((size_t)))
| 	    return 0;
|   ;
|   return 0;
| }
configure:4295: result: yes
configure:4310: checking for vprintf
configure:4310: ubicom32-linux-uclibc-gcc -o conftest -Os -Wall -D_LARGEFILE_SOURCE -D_LARGEFILE64_SOURCE -D_FILE_OFFSET_BITS=64 -D__ARCH_USE_MMU__ -D__UCLIBC__ -fno-strict-aliasing -pipe -march=ubicom32v5 -DUBICOM32_ARCH_VERSION=5 -DIP8000 -Dubicom32 -I/opt/ubicom32_sdk32x_gcc-4.4.1_uclibc-0.9.30.1_v02/ubicom32-linux-uclibc/runtime/usr/include -mfdpic -muclibc -fmath-errno -ftrapping-math -fweb -mhard-float -Os -Wall -D_LARGEFILE_SOURCE -D_LARGEFILE64_SOURCE -D_FILE_OFFSET_BITS=64 -D__ARCH_USE_MMU__ -D__UCLIBC__ -fno-strict-aliasing -pipe -march=ubicom32v5 -DUBICOM32_ARCH_VERSION=5 -DIP8000 -Dubicom32 -I/opt/ubicom32_sdk32x_gcc-4.4.1_uclibc-0.9.30.1_v02/ubicom32-linux-uclibc/runtime/usr/include -mfdpic -muclibc -fmath-errno -ftrapping-math -fweb -mhard-float  -march=ubicom32v5 conftest.c  >&5
conftest.c:51: warning: conflicting types for built-in function 'vprintf'
configure:4310: $? = 0
configure:4310: result: yes
configure:4316: checking for _doprnt
configure:4316: ubicom32-linux-uclibc-gcc -o conftest -Os -Wall -D_LARGEFILE_SOURCE -D_LARGEFILE64_SOURCE -D_FILE_OFFSET_BITS=64 -D__ARCH_USE_MMU__ -D__UCLIBC__ -fno-strict-aliasing -pipe -march=ubicom32v5 -DUBICOM32_ARCH_VERSION=5 -DIP8000 -Dubicom32 -I/opt/ubicom32_sdk32x_gcc-4.4.1_uclibc-0.9.30.1_v02/ubicom32-linux-uclibc/runtime/usr/include -mfdpic -muclibc -fmath-errno -ftrapping-math -fweb -mhard-float -Os -Wall -D_LARGEFILE_SOURCE -D_LARGEFILE64_SOURCE -D_FILE_OFFSET_BITS=64 -D__ARCH_USE_MMU__ -D__UCLIBC__ -fno-strict-aliasing -pipe -march=ubicom32v5 -DUBICOM32_ARCH_VERSION=5 -DIP8000 -Dubicom32 -I/opt/ubicom32_sdk32x_gcc-4.4.1_uclibc-0.9.30.1_v02/ubicom32-linux-uclibc/runtime/usr/include -mfdpic -muclibc -fmath-errno -ftrapping-math -fweb -mhard-float  -march=ubicom32v5 conftest.c  >&5
/tmp/ccRttx2q.o: In function `main':
conftest.c:(.text+0x4): undefined reference to `_doprnt'
collect2: ld returned 1 exit status
configure:4316: $? = 1
configure: failed program was:
| /* confdefs.h */
| #define PACKAGE_NAME "json-c"
| #define PACKAGE_TARNAME "json-c"
| #define PACKAGE_VERSION "0.9"
| #define PACKAGE_STRING "json-c 0.9"
| #define PACKAGE_BUGREPORT "michael@metaparadigm.com"
| #define PACKAGE_URL ""
| #define PACKAGE "json-c"
| #define VERSION "0.9"
| #define STDC_HEADERS 1
| #define HAVE_SYS_TYPES_H 1
| #define HAVE_SYS_STAT_H 1
| #define HAVE_STDLIB_H 1
| #define HAVE_STRING_H 1
| #define HAVE_MEMORY_H 1
| #define HAVE_STRINGS_H 1
| #define HAVE_INTTYPES_H 1
| #define HAVE_STDINT_H 1
| #define HAVE_UNISTD_H 1
| #define HAVE_FCNTL_H 1
| #define HAVE_LIMITS_H 1
| #define HAVE_STRINGS_H 1
| #define HAVE_SYSLOG_H 1
| #define HAVE_UNISTD_H 1
| #define HAVE_SYS_PARAM_H 1
| #define HAVE_STDARG_H 1
| #define HAVE_VPRINTF 1
| /* end confdefs.h.  */
| /* Define _doprnt to an innocuous variant, in case <limits.h> declares _doprnt.
|    For example, HP-UX 11i <limits.h> declares gettimeofday.  */
| #define _doprnt innocuous__doprnt
| 
| /* System header to define __stub macros and hopefully few prototypes,
|     which can conflict with char _doprnt (); below.
|     Prefer <limits.h> to <assert.h> if __STDC__ is defined, since
|     <limits.h> exists even on freestanding compilers.  */
| 
| #ifdef __STDC__
| # include <limits.h>
| #else
| # include <assert.h>
| #endif
| 
| #undef _doprnt
| 
| /* Override any GCC internal prototype to avoid an error.
|    Use char because int might match the return type of a GCC
|    builtin and then its argument prototype would still apply.  */
| #ifdef __cplusplus
| extern "C"
| #endif
| char _doprnt ();
| /* The GNU C library defines this for functions which it implements
|     to always fail with ENOSYS.  Some functions are actually named
|     something starting with __ and the normal name is an alias.  */
| #if defined __stub__doprnt || defined __stub____doprnt
| choke me
| #endif
| 
| int
| main ()
| {
| return _doprnt ();
|   ;
|   return 0;
| }
configure:4316: result: no
configure:4327: checking for working memcmp
configure:4380: result: no
configure:4394: checking for strndup
configure:4394: ubicom32-linux-uclibc-gcc -o conftest -Os -Wall -D_LARGEFILE_SOURCE -D_LARGEFILE64_SOURCE -D_FILE_OFFSET_BITS=64 -D__ARCH_USE_MMU__ -D__UCLIBC__ -fno-strict-aliasing -pipe -march=ubicom32v5 -DUBICOM32_ARCH_VERSION=5 -DIP8000 -Dubicom32 -I/opt/ubicom32_sdk32x_gcc-4.4.1_uclibc-0.9.30.1_v02/ubicom32-linux-uclibc/runtime/usr/include -mfdpic -muclibc -fmath-errno -ftrapping-math -fweb -mhard-float -Os -Wall -D_LARGEFILE_SOURCE -D_LARGEFILE64_SOURCE -D_FILE_OFFSET_BITS=64 -D__ARCH_USE_MMU__ -D__UCLIBC__ -fno-strict-aliasing -pipe -march=ubicom32v5 -DUBICOM32_ARCH_VERSION=5 -DIP8000 -Dubicom32 -I/opt/ubicom32_sdk32x_gcc-4.4.1_uclibc-0.9.30.1_v02/ubicom32-linux-uclibc/runtime/usr/include -mfdpic -muclibc -fmath-errno -ftrapping-math -fweb -mhard-float  -march=ubicom32v5 conftest.c  >&5
conftest.c:52: warning: conflicting types for built-in function 'strndup'
configure:4394: $? = 0
configure:4394: result: yes
configure:4394: checking for strerror
configure:4394: ubicom32-linux-uclibc-gcc -o conftest -Os -Wall -D_LARGEFILE_SOURCE -D_LARGEFILE64_SOURCE -D_FILE_OFFSET_BITS=64 -D__ARCH_USE_MMU__ -D__UCLIBC__ -fno-strict-aliasing -pipe -march=ubicom32v5 -DUBICOM32_ARCH_VERSION=5 -DIP8000 -Dubicom32 -I/opt/ubicom32_sdk32x_gcc-4.4.1_uclibc-0.9.30.1_v02/ubicom32-linux-uclibc/runtime/usr/include -mfdpic -muclibc -fmath-errno -ftrapping-math -fweb -mhard-float -Os -Wall -D_LARGEFILE_SOURCE -D_LARGEFILE64_SOURCE -D_FILE_OFFSET_BITS=64 -D__ARCH_USE_MMU__ -D__UCLIBC__ -fno-strict-aliasing -pipe -march=ubicom32v5 -DUBICOM32_ARCH_VERSION=5 -DIP8000 -Dubicom32 -I/opt/ubicom32_sdk32x_gcc-4.4.1_uclibc-0.9.30.1_v02/ubicom32-linux-uclibc/runtime/usr/include -mfdpic -muclibc -fmath-errno -ftrapping-math -fweb -mhard-float  -march=ubicom32v5 conftest.c  >&5
configure:4394: $? = 0
configure:4394: result: yes
configure:4394: checking for vsnprintf
configure:4394: ubicom32-linux-uclibc-gcc -o conftest -Os -Wall -D_LARGEFILE_SOURCE -D_LARGEFILE64_SOURCE -D_FILE_OFFSET_BITS=64 -D__ARCH_USE_MMU__ -D__UCLIBC__ -fno-strict-aliasing -pipe -march=ubicom32v5 -DUBICOM32_ARCH_VERSION=5 -DIP8000 -Dubicom32 -I/opt/ubicom32_sdk32x_gcc-4.4.1_uclibc-0.9.30.1_v02/ubicom32-linux-uclibc/runtime/usr/include -mfdpic -muclibc -fmath-errno -ftrapping-math -fweb -mhard-float -Os -Wall -D_LARGEFILE_SOURCE -D_LARGEFILE64_SOURCE -D_FILE_OFFSET_BITS=64 -D__ARCH_USE_MMU__ -D__UCLIBC__ -fno-strict-aliasing -pipe -march=ubicom32v5 -DUBICOM32_ARCH_VERSION=5 -DIP8000 -Dubicom32 -I/opt/ubicom32_sdk32x_gcc-4.4.1_uclibc-0.9.30.1_v02/ubicom32-linux-uclibc/runtime/usr/include -mfdpic -muclibc -fmath-errno -ftrapping-math -fweb -mhard-float  -march=ubicom32v5 conftest.c  >&5
conftest.c:54: warning: conflicting types for built-in function 'vsnprintf'
configure:4394: $? = 0
configure:4394: result: yes
configure:4394: checking for vasprintf
configure:4394: ubicom32-linux-uclibc-gcc -o conftest -Os -Wall -D_LARGEFILE_SOURCE -D_LARGEFILE64_SOURCE -D_FILE_OFFSET_BITS=64 -D__ARCH_USE_MMU__ -D__UCLIBC__ -fno-strict-aliasing -pipe -march=ubicom32v5 -DUBICOM32_ARCH_VERSION=5 -DIP8000 -Dubicom32 -I/opt/ubicom32_sdk32x_gcc-4.4.1_uclibc-0.9.30.1_v02/ubicom32-linux-uclibc/runtime/usr/include -mfdpic -muclibc -fmath-errno -ftrapping-math -fweb -mhard-float -Os -Wall -D_LARGEFILE_SOURCE -D_LARGEFILE64_SOURCE -D_FILE_OFFSET_BITS=64 -D__ARCH_USE_MMU__ -D__UCLIBC__ -fno-strict-aliasing -pipe -march=ubicom32v5 -DUBICOM32_ARCH_VERSION=5 -DIP8000 -Dubicom32 -I/opt/ubicom32_sdk32x_gcc-4.4.1_uclibc-0.9.30.1_v02/ubicom32-linux-uclibc/runtime/usr/include -mfdpic -muclibc -fmath-errno -ftrapping-math -fweb -mhard-float  -march=ubicom32v5 conftest.c  >&5
configure:4394: $? = 0
configure:4394: result: yes
configure:4394: checking for open
configure:4394: ubicom32-linux-uclibc-gcc -o conftest -Os -Wall -D_LARGEFILE_SOURCE -D_LARGEFILE64_SOURCE -D_FILE_OFFSET_BITS=64 -D__ARCH_USE_MMU__ -D__UCLIBC__ -fno-strict-aliasing -pipe -march=ubicom32v5 -DUBICOM32_ARCH_VERSION=5 -DIP8000 -Dubicom32 -I/opt/ubicom32_sdk32x_gcc-4.4.1_uclibc-0.9.30.1_v02/ubicom32-linux-uclibc/runtime/usr/include -mfdpic -muclibc -fmath-errno -ftrapping-math -fweb -mhard-float -Os -Wall -D_LARGEFILE_SOURCE -D_LARGEFILE64_SOURCE -D_FILE_OFFSET_BITS=64 -D__ARCH_USE_MMU__ -D__UCLIBC__ -fno-strict-aliasing -pipe -march=ubicom32v5 -DUBICOM32_ARCH_VERSION=5 -DIP8000 -Dubicom32 -I/opt/ubicom32_sdk32x_gcc-4.4.1_uclibc-0.9.30.1_v02/ubicom32-linux-uclibc/runtime/usr/include -mfdpic -muclibc -fmath-errno -ftrapping-math -fweb -mhard-float  -march=ubicom32v5 conftest.c  >&5
configure:4394: $? = 0
configure:4394: result: yes
configure:4394: checking for vsyslog
configure:4394: ubicom32-linux-uclibc-gcc -o conftest -Os -Wall -D_LARGEFILE_SOURCE -D_LARGEFILE64_SOURCE -D_FILE_OFFSET_BITS=64 -D__ARCH_USE_MMU__ -D__UCLIBC__ -fno-strict-aliasing -pipe -march=ubicom32v5 -DUBICOM32_ARCH_VERSION=5 -DIP8000 -Dubicom32 -I/opt/ubicom32_sdk32x_gcc-4.4.1_uclibc-0.9.30.1_v02/ubicom32-linux-uclibc/runtime/usr/include -mfdpic -muclibc -fmath-errno -ftrapping-math -fweb -mhard-float -Os -Wall -D_LARGEFILE_SOURCE -D_LARGEFILE64_SOURCE -D_FILE_OFFSET_BITS=64 -D__ARCH_USE_MMU__ -D__UCLIBC__ -fno-strict-aliasing -pipe -march=ubicom32v5 -DUBICOM32_ARCH_VERSION=5 -DIP8000 -Dubicom32 -I/opt/ubicom32_sdk32x_gcc-4.4.1_uclibc-0.9.30.1_v02/ubicom32-linux-uclibc/runtime/usr/include -mfdpic -muclibc -fmath-errno -ftrapping-math -fweb -mhard-float  -march=ubicom32v5 conftest.c  >&5
configure:4394: $? = 0
configure:4394: result: yes
configure:4394: checking for strncasecmp
configure:4394: ubicom32-linux-uclibc-gcc -o conftest -Os -Wall -D_LARGEFILE_SOURCE -D_LARGEFILE64_SOURCE -D_FILE_OFFSET_BITS=64 -D__ARCH_USE_MMU__ -D__UCLIBC__ -fno-strict-aliasing -pipe -march=ubicom32v5 -DUBICOM32_ARCH_VERSION=5 -DIP8000 -Dubicom32 -I/opt/ubicom32_sdk32x_gcc-4.4.1_uclibc-0.9.30.1_v02/ubicom32-linux-uclibc/runtime/usr/include -mfdpic -muclibc -fmath-errno -ftrapping-math -fweb -mhard-float -Os -Wall -D_LARGEFILE_SOURCE -D_LARGEFILE64_SOURCE -D_FILE_OFFSET_BITS=64 -D__ARCH_USE_MMU__ -D__UCLIBC__ -fno-strict-aliasing -pipe -march=ubicom32v5 -DUBICOM32_ARCH_VERSION=5 -DIP8000 -Dubicom32 -I/opt/ubicom32_sdk32x_gcc-4.4.1_uclibc-0.9.30.1_v02/ubicom32-linux-uclibc/runtime/usr/include -mfdpic -muclibc -fmath-errno -ftrapping-math -fweb -mhard-float  -march=ubicom32v5 conftest.c  >&5
conftest.c:58: warning: conflicting types for built-in function 'strncasecmp'
configure:4394: $? = 0
configure:4394: result: yes
configure:4433: checking build system type
configure:4447: result: i386-pc-linux-gnu
configure:4467: checking host system type
configure:4480: result: ubicom32-unknown-linux-uclibc
configure:4500: checking for a sed that does not truncate output
configure:4564: result: /bin/sed
configure:4582: checking for fgrep
configure:4644: result: /bin/grep -F
configure:4679: checking for ld used by ubicom32-linux-uclibc-gcc
configure:4746: result: ubicom32-linux-uclibc-ld
configure:4753: checking if the linker (ubicom32-linux-uclibc-ld) is GNU ld
configure:4768: result: yes
configure:4780: checking for BSD- or MS-compatible name lister (nm)
configure:4829: result: /opt/ubicom32_sdk32x_gcc-4.4.1_uclibc-0.9.30.1_v02/bin/ubicom32-linux-uclibc-nm -B
configure:4947: checking the name lister (/opt/ubicom32_sdk32x_gcc-4.4.1_uclibc-0.9.30.1_v02/bin/ubicom32-linux-uclibc-nm -B) interface
configure:4954: ubicom32-linux-uclibc-gcc -c -Os -Wall -D_LARGEFILE_SOURCE -D_LARGEFILE64_SOURCE -D_FILE_OFFSET_BITS=64 -D__ARCH_USE_MMU__ -D__UCLIBC__ -fno-strict-aliasing -pipe -march=ubicom32v5 -DUBICOM32_ARCH_VERSION=5 -DIP8000 -Dubicom32 -I/opt/ubicom32_sdk32x_gcc-4.4.1_uclibc-0.9.30.1_v02/ubicom32-linux-uclibc/runtime/usr/include -mfdpic -muclibc -fmath-errno -ftrapping-math -fweb -mhard-float -Os -Wall -D_LARGEFILE_SOURCE -D_LARGEFILE64_SOURCE -D_FILE_OFFSET_BITS=64 -D__ARCH_USE_MMU__ -D__UCLIBC__ -fno-strict-aliasing -pipe -march=ubicom32v5 -DUBICOM32_ARCH_VERSION=5 -DIP8000 -Dubicom32 -I/opt/ubicom32_sdk32x_gcc-4.4.1_uclibc-0.9.30.1_v02/ubicom32-linux-uclibc/runtime/usr/include -mfdpic -muclibc -fmath-errno -ftrapping-math -fweb -mhard-float  conftest.c >&5
configure:4957: /opt/ubicom32_sdk32x_gcc-4.4.1_uclibc-0.9.30.1_v02/bin/ubicom32-linux-uclibc-nm -B "conftest.o"
configure:4960: output
00000000 B some_variable
configure:4967: result: BSD nm
configure:4970: checking whether ln -s works
configure:4974: result: yes
configure:4982: checking the maximum length of command line arguments
configure:5102: result: 805306365
configure:5119: checking whether the shell understands some XSI constructs
configure:5129: result: yes
configure:5133: checking whether the shell understands "+="
configure:5139: result: yes
configure:5174: checking for ubicom32-linux-uclibc-ld option to reload object files
configure:5181: result: -r
configure:5210: checking for ubicom32-linux-uclibc-objdump
configure:5226: found /opt/ubicom32_sdk32x_gcc-4.4.1_uclibc-0.9.30.1_v02/bin/ubicom32-linux-uclibc-objdump
configure:5237: result: ubicom32-linux-uclibc-objdump
configure:5309: checking how to recognize dependent libraries
configure:5505: result: pass_all
configure:5525: checking for ubicom32-linux-uclibc-ar
configure:5552: result: ubicom32-linux-uclibc-ar
configure:5630: checking for ubicom32-linux-uclibc-strip
configure:5657: result: ubicom32-linux-uclibc-strip
configure:5729: checking for ubicom32-linux-uclibc-ranlib
configure:5756: result: ubicom32-linux-uclibc-ranlib
configure:5886: checking command to parse /opt/ubicom32_sdk32x_gcc-4.4.1_uclibc-0.9.30.1_v02/bin/ubicom32-linux-uclibc-nm -B output from ubicom32-linux-uclibc-gcc object
configure:6004: ubicom32-linux-uclibc-gcc -c -Os -Wall -D_LARGEFILE_SOURCE -D_LARGEFILE64_SOURCE -D_FILE_OFFSET_BITS=64 -D__ARCH_USE_MMU__ -D__UCLIBC__ -fno-strict-aliasing -pipe -march=ubicom32v5 -DUBICOM32_ARCH_VERSION=5 -DIP8000 -Dubicom32 -I/opt/ubicom32_sdk32x_gcc-4.4.1_uclibc-0.9.30.1_v02/ubicom32-linux-uclibc/runtime/usr/include -mfdpic -muclibc -fmath-errno -ftrapping-math -fweb -mhard-float -Os -Wall -D_LARGEFILE_SOURCE -D_LARGEFILE64_SOURCE -D_FILE_OFFSET_BITS=64 -D__ARCH_USE_MMU__ -D__UCLIBC__ -fno-strict-aliasing -pipe -march=ubicom32v5 -DUBICOM32_ARCH_VERSION=5 -DIP8000 -Dubicom32 -I/opt/ubicom32_sdk32x_gcc-4.4.1_uclibc-0.9.30.1_v02/ubicom32-linux-uclibc/runtime/usr/include -mfdpic -muclibc -fmath-errno -ftrapping-math -fweb -mhard-float  conftest.c >&5
configure:6007: $? = 0
configure:6011: /opt/ubicom32_sdk32x_gcc-4.4.1_uclibc-0.9.30.1_v02/bin/ubicom32-linux-uclibc-nm -B conftest.o \| sed -n -e 's/^.*[	 ]\([ABCDGIRSTW][ABCDGIRSTW]*\)[	 ][	 ]*\([_A-Za-z][_A-Za-z0-9]*\)$/\1 \2 \2/p' \> conftest.nm
configure:6014: $? = 0
configure:6068: ubicom32-linux-uclibc-gcc -o conftest -Os -Wall -D_LARGEFILE_SOURCE -D_LARGEFILE64_SOURCE -D_FILE_OFFSET_BITS=64 -D__ARCH_USE_MMU__ -D__UCLIBC__ -fno-strict-aliasing -pipe -march=ubicom32v5 -DUBICOM32_ARCH_VERSION=5 -DIP8000 -Dubicom32 -I/opt/ubicom32_sdk32x_gcc-4.4.1_uclibc-0.9.30.1_v02/ubicom32-linux-uclibc/runtime/usr/include -mfdpic -muclibc -fmath-errno -ftrapping-math -fweb -mhard-float -Os -Wall -D_LARGEFILE_SOURCE -D_LARGEFILE64_SOURCE -D_FILE_OFFSET_BITS=64 -D__ARCH_USE_MMU__ -D__UCLIBC__ -fno-strict-aliasing -pipe -march=ubicom32v5 -DUBICOM32_ARCH_VERSION=5 -DIP8000 -Dubicom32 -I/opt/ubicom32_sdk32x_gcc-4.4.1_uclibc-0.9.30.1_v02/ubicom32-linux-uclibc/runtime/usr/include -mfdpic -muclibc -fmath-errno -ftrapping-math -fweb -mhard-float  -march=ubicom32v5 conftest.c conftstm.o >&5
configure:6071: $? = 0
configure:6109: result: ok
configure:6914: checking for dlfcn.h
configure:6914: ubicom32-linux-uclibc-gcc -c -Os -Wall -D_LARGEFILE_SOURCE -D_LARGEFILE64_SOURCE -D_FILE_OFFSET_BITS=64 -D__ARCH_USE_MMU__ -D__UCLIBC__ -fno-strict-aliasing -pipe -march=ubicom32v5 -DUBICOM32_ARCH_VERSION=5 -DIP8000 -Dubicom32 -I/opt/ubicom32_sdk32x_gcc-4.4.1_uclibc-0.9.30.1_v02/ubicom32-linux-uclibc/runtime/usr/include -mfdpic -muclibc -fmath-errno -ftrapping-math -fweb -mhard-float -Os -Wall -D_LARGEFILE_SOURCE -D_LARGEFILE64_SOURCE -D_FILE_OFFSET_BITS=64 -D__ARCH_USE_MMU__ -D__UCLIBC__ -fno-strict-aliasing -pipe -march=ubicom32v5 -DUBICOM32_ARCH_VERSION=5 -DIP8000 -Dubicom32 -I/opt/ubicom32_sdk32x_gcc-4.4.1_uclibc-0.9.30.1_v02/ubicom32-linux-uclibc/runtime/usr/include -mfdpic -muclibc -fmath-errno -ftrapping-math -fweb -mhard-float  conftest.c >&5
configure:6914: $? = 0
configure:6914: result: yes
configure:7098: checking for objdir
configure:7113: result: .libs
configure:7405: checking if ubicom32-linux-uclibc-gcc supports -fno-rtti -fno-exceptions
configure:7423: ubicom32-linux-uclibc-gcc -c -Os -Wall -D_LARGEFILE_SOURCE -D_LARGEFILE64_SOURCE -D_FILE_OFFSET_BITS=64 -D__ARCH_USE_MMU__ -D__UCLIBC__ -fno-strict-aliasing -pipe -march=ubicom32v5 -DUBICOM32_ARCH_VERSION=5 -DIP8000 -Dubicom32 -I/opt/ubicom32_sdk32x_gcc-4.4.1_uclibc-0.9.30.1_v02/ubicom32-linux-uclibc/runtime/usr/include -mfdpic -muclibc -fmath-errno -ftrapping-math -fweb -mhard-float -Os -Wall -D_LARGEFILE_SOURCE -D_LARGEFILE64_SOURCE -D_FILE_OFFSET_BITS=64 -D__ARCH_USE_MMU__ -D__UCLIBC__ -fno-strict-aliasing -pipe -march=ubicom32v5 -DUBICOM32_ARCH_VERSION=5 -DIP8000 -Dubicom32 -I/opt/ubicom32_sdk32x_gcc-4.4.1_uclibc-0.9.30.1_v02/ubicom32-linux-uclibc/runtime/usr/include -mfdpic -muclibc -fmath-errno -ftrapping-math -fweb -mhard-float  -fno-rtti -fno-exceptions conftest.c >&5
cc1: warning: command line option "-fno-rtti" is valid for C++/ObjC++ but not for C
configure:7427: $? = 0
configure:7440: result: no
configure:7460: checking for ubicom32-linux-uclibc-gcc option to produce PIC
configure:7732: result: -fPIC -DPIC
configure:7744: checking if ubicom32-linux-uclibc-gcc PIC flag -fPIC -DPIC works
configure:7762: ubicom32-linux-uclibc-gcc -c -Os -Wall -D_LARGEFILE_SOURCE -D_LARGEFILE64_SOURCE -D_FILE_OFFSET_BITS=64 -D__ARCH_USE_MMU__ -D__UCLIBC__ -fno-strict-aliasing -pipe -march=ubicom32v5 -DUBICOM32_ARCH_VERSION=5 -DIP8000 -Dubicom32 -I/opt/ubicom32_sdk32x_gcc-4.4.1_uclibc-0.9.30.1_v02/ubicom32-linux-uclibc/runtime/usr/include -mfdpic -muclibc -fmath-errno -ftrapping-math -fweb -mhard-float -Os -Wall -D_LARGEFILE_SOURCE -D_LARGEFILE64_SOURCE -D_FILE_OFFSET_BITS=64 -D__ARCH_USE_MMU__ -D__UCLIBC__ -fno-strict-aliasing -pipe -march=ubicom32v5 -DUBICOM32_ARCH_VERSION=5 -DIP8000 -Dubicom32 -I/opt/ubicom32_sdk32x_gcc-4.4.1_uclibc-0.9.30.1_v02/ubicom32-linux-uclibc/runtime/usr/include -mfdpic -muclibc -fmath-errno -ftrapping-math -fweb -mhard-float  -fPIC -DPIC -DPIC conftest.c >&5
configure:7766: $? = 0
configure:7779: result: yes
configure:7803: checking if ubicom32-linux-uclibc-gcc static flag -static works
configure:7831: result: yes
configure:7846: checking if ubicom32-linux-uclibc-gcc supports -c -o file.o
configure:7867: ubicom32-linux-uclibc-gcc -c -Os -Wall -D_LARGEFILE_SOURCE -D_LARGEFILE64_SOURCE -D_FILE_OFFSET_BITS=64 -D__ARCH_USE_MMU__ -D__UCLIBC__ -fno-strict-aliasing -pipe -march=ubicom32v5 -DUBICOM32_ARCH_VERSION=5 -DIP8000 -Dubicom32 -I/opt/ubicom32_sdk32x_gcc-4.4.1_uclibc-0.9.30.1_v02/ubicom32-linux-uclibc/runtime/usr/include -mfdpic -muclibc -fmath-errno -ftrapping-math -fweb -mhard-float -Os -Wall -D_LARGEFILE_SOURCE -D_LARGEFILE64_SOURCE -D_FILE_OFFSET_BITS=64 -D__ARCH_USE_MMU__ -D__UCLIBC__ -fno-strict-aliasing -pipe -march=ubicom32v5 -DUBICOM32_ARCH_VERSION=5 -DIP8000 -Dubicom32 -I/opt/ubicom32_sdk32x_gcc-4.4.1_uclibc-0.9.30.1_v02/ubicom32-linux-uclibc/runtime/usr/include -mfdpic -muclibc -fmath-errno -ftrapping-math -fweb -mhard-float  -o out/conftest2.o conftest.c >&5
configure:7871: $? = 0
configure:7893: result: yes
configure:7901: checking if ubicom32-linux-uclibc-gcc supports -c -o file.o
configure:7948: result: yes
configure:7981: checking whether the ubicom32-linux-uclibc-gcc linker (ubicom32-linux-uclibc-ld) supports shared libraries
configure:8968: result: yes
configure:9005: checking whether -lc should be explicitly linked in
configure:9010: ubicom32-linux-uclibc-gcc -c -Os -Wall -D_LARGEFILE_SOURCE -D_LARGEFILE64_SOURCE -D_FILE_OFFSET_BITS=64 -D__ARCH_USE_MMU__ -D__UCLIBC__ -fno-strict-aliasing -pipe -march=ubicom32v5 -DUBICOM32_ARCH_VERSION=5 -DIP8000 -Dubicom32 -I/opt/ubicom32_sdk32x_gcc-4.4.1_uclibc-0.9.30.1_v02/ubicom32-linux-uclibc/runtime/usr/include -mfdpic -muclibc -fmath-errno -ftrapping-math -fweb -mhard-float -Os -Wall -D_LARGEFILE_SOURCE -D_LARGEFILE64_SOURCE -D_FILE_OFFSET_BITS=64 -D__ARCH_USE_MMU__ -D__UCLIBC__ -fno-strict-aliasing -pipe -march=ubicom32v5 -DUBICOM32_ARCH_VERSION=5 -DIP8000 -Dubicom32 -I/opt/ubicom32_sdk32x_gcc-4.4.1_uclibc-0.9.30.1_v02/ubicom32-linux-uclibc/runtime/usr/include -mfdpic -muclibc -fmath-errno -ftrapping-math -fweb -mhard-float  conftest.c >&5
configure:9013: $? = 0
configure:9028: ubicom32-linux-uclibc-gcc -shared conftest.o  -v -Wl,-soname -Wl,conftest -o conftest 2\>\&1 \| /bin/grep  -lc  \>/dev/null 2\>\&1
configure:9031: $? = 0
configure:9043: result: no
configure:9207: checking dynamic linker characteristics
configure:9640: ubicom32-linux-uclibc-gcc -o conftest -Os -Wall -D_LARGEFILE_SOURCE -D_LARGEFILE64_SOURCE -D_FILE_OFFSET_BITS=64 -D__ARCH_USE_MMU__ -D__UCLIBC__ -fno-strict-aliasing -pipe -march=ubicom32v5 -DUBICOM32_ARCH_VERSION=5 -DIP8000 -Dubicom32 -I/opt/ubicom32_sdk32x_gcc-4.4.1_uclibc-0.9.30.1_v02/ubicom32-linux-uclibc/runtime/usr/include -mfdpic -muclibc -fmath-errno -ftrapping-math -fweb -mhard-float -Os -Wall -D_LARGEFILE_SOURCE -D_LARGEFILE64_SOURCE -D_FILE_OFFSET_BITS=64 -D__ARCH_USE_MMU__ -D__UCLIBC__ -fno-strict-aliasing -pipe -march=ubicom32v5 -DUBICOM32_ARCH_VERSION=5 -DIP8000 -Dubicom32 -I/opt/ubicom32_sdk32x_gcc-4.4.1_uclibc-0.9.30.1_v02/ubicom32-linux-uclibc/runtime/usr/include -mfdpic -muclibc -fmath-errno -ftrapping-math -fweb -mhard-float  -march=ubicom32v5 -Wl,-rpath -Wl,/foo conftest.c  >&5
configure:9640: $? = 0
configure:9870: result: GNU/Linux ld.so
configure:9972: checking how to hardcode library paths into programs
configure:9997: result: immediate
configure:10517: checking whether stripping libraries is possible
configure:10522: result: yes
configure:10557: checking if libtool supports shared libraries
configure:10559: result: yes
configure:10562: checking whether to build shared libraries
configure:10583: result: yes
configure:10586: checking whether to build static libraries
configure:10590: result: yes
configure:10739: creating ./config.status

## ---------------------- ##
## Running config.status. ##
## ---------------------- ##

This file was extended by json-c config.status 0.9, which was
generated by GNU Autoconf 2.66.  Invocation command line was

  CONFIG_FILES    = 
  CONFIG_HEADERS  = 
  CONFIG_LINKS    = 
  CONFIG_COMMANDS = 
  $ ./config.status 

on apollo

config.status:1080: creating Makefile
config.status:1080: creating json.pc
config.status:1080: creating config.h
config.status:1260: config.h is unchanged
config.status:1308: executing depfiles commands
config.status:1308: executing libtool commands

## ---------------- ##
## Cache variables. ##
## ---------------- ##

ac_cv_build=i386-pc-linux-gnu
ac_cv_c_compiler_gnu=yes
ac_cv_c_const=yes
ac_cv_env_CC_set=set
ac_cv_env_CC_value=ubicom32-linux-uclibc-gcc
ac_cv_env_CFLAGS_set=set
ac_cv_env_CFLAGS_value='-Os -Wall -D_LARGEFILE_SOURCE -D_LARGEFILE64_SOURCE -D_FILE_OFFSET_BITS=64 -D__ARCH_USE_MMU__ -D__UCLIBC__ -fno-strict-aliasing -pipe -march=ubicom32v5 -DUBICOM32_ARCH_VERSION=5 -DIP8000 -Dubicom32 -I/opt/ubicom32_sdk32x_gcc-4.4.1_uclibc-0.9.30.1_v02/ubicom32-linux-uclibc/runtime/usr/include -mfdpic -muclibc -fmath-errno -ftrapping-math -fweb -mhard-float -Os -Wall -D_LARGEFILE_SOURCE -D_LARGEFILE64_SOURCE -D_FILE_OFFSET_BITS=64 -D__ARCH_USE_MMU__ -D__UCLIBC__ -fno-strict-aliasing -pipe -march=ubicom32v5 -DUBICOM32_ARCH_VERSION=5 -DIP8000 -Dubicom32 -I/opt/ubicom32_sdk32x_gcc-4.4.1_uclibc-0.9.30.1_v02/ubicom32-linux-uclibc/runtime/usr/include -mfdpic -muclibc -fmath-errno -ftrapping-math -fweb -mhard-float'
ac_cv_env_CPPFLAGS_set=
ac_cv_env_CPPFLAGS_value=
ac_cv_env_CPP_set=
ac_cv_env_CPP_value=
ac_cv_env_LDFLAGS_set=set
ac_cv_env_LDFLAGS_value=-march=ubicom32v5
ac_cv_env_LIBS_set=
ac_cv_env_LIBS_value=
ac_cv_env_build_alias_set=set
ac_cv_env_build_alias_value=i386-linux
ac_cv_env_host_alias_set=set
ac_cv_env_host_alias_value=ubicom32-linux-uclibc
ac_cv_env_target_alias_set=
ac_cv_env_target_alias_value=
ac_cv_func__doprnt=no
ac_cv_func_memcmp_working=no
ac_cv_func_open=yes
ac_cv_func_strerror=yes
ac_cv_func_strncasecmp=yes
ac_cv_func_strndup=yes
ac_cv_func_vasprintf=yes
ac_cv_func_vprintf=yes
ac_cv_func_vsnprintf=yes
ac_cv_func_vsyslog=yes
ac_cv_header_dlfcn_h=yes
ac_cv_header_fcntl_h=yes
ac_cv_header_inttypes_h=yes
ac_cv_header_limits_h=yes
ac_cv_header_memory_h=yes
ac_cv_header_stdarg_h=yes
ac_cv_header_stdc=yes
ac_cv_header_stdint_h=yes
ac_cv_header_stdlib_h=yes
ac_cv_header_string_h=yes
ac_cv_header_strings_h=yes
ac_cv_header_sys_param_h=yes
ac_cv_header_sys_stat_h=yes
ac_cv_header_sys_types_h=yes
ac_cv_header_syslog_h=yes
ac_cv_header_unistd_h=yes
ac_cv_host=ubicom32-unknown-linux-uclibc
ac_cv_objext=o
ac_cv_path_EGREP='/bin/grep -E'
ac_cv_path_FGREP='/bin/grep -F'
ac_cv_path_GREP=/bin/grep
ac_cv_path_SED=/bin/sed
ac_cv_path_install='/usr/bin/install -c'
ac_cv_path_mkdir=/bin/mkdir
ac_cv_prog_AR=ubicom32-linux-uclibc-ar
ac_cv_prog_AWK=gawk
ac_cv_prog_CC=ubicom32-linux-uclibc-gcc
ac_cv_prog_CPP='ubicom32-linux-uclibc-gcc -E'
ac_cv_prog_OBJDUMP=ubicom32-linux-uclibc-objdump
ac_cv_prog_RANLIB=ubicom32-linux-uclibc-ranlib
ac_cv_prog_STRIP=ubicom32-linux-uclibc-strip
ac_cv_prog_cc_c89=
ac_cv_prog_cc_g=yes
ac_cv_prog_make_make_set=yes
ac_cv_type_size_t=yes
am_cv_CC_dependencies_compiler_type=gcc3
lt_cv_deplibs_check_method=pass_all
lt_cv_file_magic_cmd='$MAGIC_CMD'
lt_cv_file_magic_test_file=
lt_cv_ld_reload_flag=-r
lt_cv_nm_interface='BSD nm'
lt_cv_objdir=.libs
lt_cv_path_LD=ubicom32-linux-uclibc-ld
lt_cv_path_NM='/opt/ubicom32_sdk32x_gcc-4.4.1_uclibc-0.9.30.1_v02/bin/ubicom32-linux-uclibc-nm -B'
lt_cv_prog_compiler_c_o=yes
lt_cv_prog_compiler_pic_works=yes
lt_cv_prog_compiler_rtti_exceptions=no
lt_cv_prog_compiler_static_works=yes
lt_cv_prog_gnu_ld=yes
lt_cv_sys_global_symbol_pipe='sed -n -e '\''s/^.*[	 ]\([ABCDGIRSTW][ABCDGIRSTW]*\)[	 ][	 ]*\([_A-Za-z][_A-Za-z0-9]*\)$/\1 \2 \2/p'\'''
lt_cv_sys_global_symbol_to_c_name_address='sed -n -e '\''s/^: \([^ ]*\) $/  {\"\1\", (void *) 0},/p'\'' -e '\''s/^[ABCDGIRSTW]* \([^ ]*\) \([^ ]*\)$/  {"\2", (void *) \&\2},/p'\'''
lt_cv_sys_global_symbol_to_c_name_address_lib_prefix='sed -n -e '\''s/^: \([^ ]*\) $/  {\"\1\", (void *) 0},/p'\'' -e '\''s/^[ABCDGIRSTW]* \([^ ]*\) \(lib[^ ]*\)$/  {"\2", (void *) \&\2},/p'\'' -e '\''s/^[ABCDGIRSTW]* \([^ ]*\) \([^ ]*\)$/  {"lib\2", (void *) \&\2},/p'\'''
lt_cv_sys_global_symbol_to_cdecl='sed -n -e '\''s/^T .* \(.*\)$/extern int \1();/p'\'' -e '\''s/^[ABCDGIRSTW]* .* \(.*\)$/extern char \1;/p'\'''
lt_cv_sys_max_cmd_len=805306365

## ----------------- ##
## Output variables. ##
## ----------------- ##

ACLOCAL='${SHELL} /home/jeremy_lin/project/GPL/0514_pro/elbox_WRGND15/progs.gpl/json-c-0.9/json-c-0.9/missing --run aclocal-1.10'
AMDEPBACKSLASH='\'
AMDEP_FALSE='#'
AMDEP_TRUE=''
AMTAR='${SHELL} /home/jeremy_lin/project/GPL/0514_pro/elbox_WRGND15/progs.gpl/json-c-0.9/json-c-0.9/missing --run tar'
AR='ubicom32-linux-uclibc-ar'
AUTOCONF='${SHELL} /home/jeremy_lin/project/GPL/0514_pro/elbox_WRGND15/progs.gpl/json-c-0.9/json-c-0.9/missing --run autoconf'
AUTOHEADER='${SHELL} /home/jeremy_lin/project/GPL/0514_pro/elbox_WRGND15/progs.gpl/json-c-0.9/json-c-0.9/missing --run autoheader'
AUTOMAKE='${SHELL} /home/jeremy_lin/project/GPL/0514_pro/elbox_WRGND15/progs.gpl/json-c-0.9/json-c-0.9/missing --run automake-1.10'
AWK='gawk'
CC='ubicom32-linux-uclibc-gcc'
CCDEPMODE='depmode=gcc3'
CFLAGS='-Os -Wall -D_LARGEFILE_SOURCE -D_LARGEFILE64_SOURCE -D_FILE_OFFSET_BITS=64 -D__ARCH_USE_MMU__ -D__UCLIBC__ -fno-strict-aliasing -pipe -march=ubicom32v5 -DUBICOM32_ARCH_VERSION=5 -DIP8000 -Dubicom32 -I/opt/ubicom32_sdk32x_gcc-4.4.1_uclibc-0.9.30.1_v02/ubicom32-linux-uclibc/runtime/usr/include -mfdpic -muclibc -fmath-errno -ftrapping-math -fweb -mhard-float -Os -Wall -D_LARGEFILE_SOURCE -D_LARGEFILE64_SOURCE -D_FILE_OFFSET_BITS=64 -D__ARCH_USE_MMU__ -D__UCLIBC__ -fno-strict-aliasing -pipe -march=ubicom32v5 -DUBICOM32_ARCH_VERSION=5 -DIP8000 -Dubicom32 -I/opt/ubicom32_sdk32x_gcc-4.4.1_uclibc-0.9.30.1_v02/ubicom32-linux-uclibc/runtime/usr/include -mfdpic -muclibc -fmath-errno -ftrapping-math -fweb -mhard-float'
CPP='ubicom32-linux-uclibc-gcc -E'
CPPFLAGS=''
CYGPATH_W='echo'
DEFS='-DHAVE_CONFIG_H'
DEPDIR='.deps'
DSYMUTIL=''
DUMPBIN=''
ECHO_C=''
ECHO_N='-n'
ECHO_T=''
EGREP='/bin/grep -E'
EXEEXT=''
FGREP='/bin/grep -F'
GREP='/bin/grep'
INSTALL_DATA='${INSTALL} -m 644'
INSTALL_PROGRAM='${INSTALL}'
INSTALL_SCRIPT='${INSTALL}'
INSTALL_STRIP_PROGRAM='$(install_sh) -c -s'
LD='ubicom32-linux-uclibc-ld'
LDFLAGS='-march=ubicom32v5'
LIBOBJS=' ${LIBOBJDIR}memcmp$U.o'
LIBS=''
LIBTOOL='$(SHELL) $(top_builddir)/libtool'
LIPO=''
LN_S='ln -s'
LTLIBOBJS=' ${LIBOBJDIR}memcmp$U.lo'
MAKEINFO='${SHELL} /home/jeremy_lin/project/GPL/0514_pro/elbox_WRGND15/progs.gpl/json-c-0.9/json-c-0.9/missing --run makeinfo'
MKDIR_P='/bin/mkdir -p'
NM='/opt/ubicom32_sdk32x_gcc-4.4.1_uclibc-0.9.30.1_v02/bin/ubicom32-linux-uclibc-nm -B'
NMEDIT=''
OBJDUMP='ubicom32-linux-uclibc-objdump'
OBJEXT='o'
OTOOL64=''
OTOOL=''
PACKAGE='json-c'
PACKAGE_BUGREPORT='michael@metaparadigm.com'
PACKAGE_NAME='json-c'
PACKAGE_STRING='json-c 0.9'
PACKAGE_TARNAME='json-c'
PACKAGE_URL=''
PACKAGE_VERSION='0.9'
PATH_SEPARATOR=':'
RANLIB='ubicom32-linux-uclibc-ranlib'
SED='/bin/sed'
SET_MAKE=''
SHELL='/bin/sh'
STRIP='ubicom32-linux-uclibc-strip'
VERSION='0.9'
ac_ct_CC=''
ac_ct_DUMPBIN=''
am__fastdepCC_FALSE='#'
am__fastdepCC_TRUE=''
am__include='include'
am__isrc=''
am__leading_dot='.'
am__quote=''
am__tar='${AMTAR} chof - "$$tardir"'
am__untar='${AMTAR} xf -'
bindir='${exec_prefix}/bin'
build='i386-pc-linux-gnu'
build_alias='i386-linux'
build_cpu='i386'
build_os='linux-gnu'
build_vendor='pc'
datadir='${datarootdir}'
datarootdir='${prefix}/share'
docdir='${datarootdir}/doc/${PACKAGE_TARNAME}'
dvidir='${docdir}'
exec_prefix='${prefix}'
host='ubicom32-unknown-linux-uclibc'
host_alias='ubicom32-linux-uclibc'
host_cpu='ubicom32'
host_os='linux-uclibc'
host_vendor='unknown'
htmldir='${docdir}'
includedir='${prefix}/include'
infodir='${datarootdir}/info'
install_sh='$(SHELL) /home/jeremy_lin/project/GPL/0514_pro/elbox_WRGND15/progs.gpl/json-c-0.9/json-c-0.9/install-sh'
libdir='${exec_prefix}/lib'
libexecdir='${exec_prefix}/libexec'
localedir='${datarootdir}/locale'
localstatedir='${prefix}/var'
lt_ECHO='echo'
mandir='${datarootdir}/man'
mkdir_p='/bin/mkdir -p'
oldincludedir='/usr/include'
pdfdir='${docdir}'
prefix='/usr/local'
program_transform_name='s,x,x,'
psdir='${docdir}'
sbindir='${exec_prefix}/sbin'
sharedstatedir='${prefix}/com'
sysconfdir='${prefix}/etc'
target_alias=''

## ----------- ##
## confdefs.h. ##
## ----------- ##

/* confdefs.h */
#define PACKAGE_NAME "json-c"
#define PACKAGE_TARNAME "json-c"
#define PACKAGE_VERSION "0.9"
#define PACKAGE_STRING "json-c 0.9"
#define PACKAGE_BUGREPORT "michael@metaparadigm.com"
#define PACKAGE_URL ""
#define PACKAGE "json-c"
#define VERSION "0.9"
#define STDC_HEADERS 1
#define HAVE_SYS_TYPES_H 1
#define HAVE_SYS_STAT_H 1
#define HAVE_STDLIB_H 1
#define HAVE_STRING_H 1
#define HAVE_MEMORY_H 1
#define HAVE_STRINGS_H 1
#define HAVE_INTTYPES_H 1
#define HAVE_STDINT_H 1
#define HAVE_UNISTD_H 1
#define HAVE_FCNTL_H 1
#define HAVE_LIMITS_H 1
#define HAVE_STRINGS_H 1
#define HAVE_SYSLOG_H 1
#define HAVE_UNISTD_H 1
#define HAVE_SYS_PARAM_H 1
#define HAVE_STDARG_H 1
#define HAVE_VPRINTF 1
#define HAVE_STRNDUP 1
#define HAVE_STRERROR 1
#define HAVE_VSNPRINTF 1
#define HAVE_VASPRINTF 1
#define HAVE_OPEN 1
#define HAVE_VSYSLOG 1
#define HAVE_STRNCASECMP 1
#define HAVE_DLFCN_H 1
#define LT_OBJDIR ".libs/"

configure: exit 0
