This file contains any messages produced by compilers while
running configure, to aid debugging if configure makes a mistake.

It was created by configure, which was
generated by GNU Autoconf 2.63.  Invocation command line was

  $ ./configure --disable-option-checking --prefix=/home/jeremy_lin/project/GPL/0514_pro/elbox_WRGND15/build --host=ubicom32-linux-uclibc CC=ubicom32-linux-uclibc-gcc AS=ubicom32-linux-uclibc-as AR=ubicom32-linux-uclibc-ar LD=ubicom32-linux-uclibc-ld RANLIB=ubicom32-linux-uclibc-ranlib STRIP=ubicom32-linux-uclibc-strip --enable-static LDFLAGS=-march=ubicom32v5 CFLAGS=-Os -Wall -D_LARGEFILE_SOURCE -D_LARGEFILE64_SOURCE -D_FILE_OFFSET_BITS=64 -D__ARCH_USE_MMU__ -D__UCLIBC__ -fno-strict-aliasing -pipe -march=ubicom32v5 -DUBICOM32_ARCH_VERSION=5 -DIP8000 -Dubicom32 -I/opt/ubicom32_sdk32x_gcc-4.4.1_uclibc-0.9.30.1_v02/ubicom32-linux-uclibc/runtime/usr/include -mfdpic -muclibc -fmath-errno -ftrapping-math -fweb -mhard-float -Os -Wall -D_LARGEFILE_SOURCE -D_LARGEFILE64_SOURCE -D_FILE_OFFSET_BITS=64 -D__ARCH_USE_MMU__ -D__UCLIBC__ -fno-strict-aliasing -pipe -march=ubicom32v5 -DUBICOM32_ARCH_VERSION=5 -DIP8000 -Dubicom32 -I/opt/ubicom32_sdk32x_gcc-4.4.1_uclibc-0.9.30.1_v02/ubicom32-linux-uclibc/runtime/usr/include -mfdpic -muclibc -fmath-errno -ftrapping-math -fweb -mhard-float host_alias=ubicom32-linux-uclibc --cache-file=/dev/null --srcdir=.

## --------- ##
## Platform. ##
## --------- ##

hostname = apollo
uname -m = i686
uname -r = 2.6.35-22-generic
uname -s = Linux
uname -v = #35-Ubuntu SMP Sat Oct 16 20:36:48 UTC 2010

/usr/bin/uname -p = unknown
/bin/uname -X     = unknown

/bin/arch              = unknown
/usr/bin/arch -k       = unknown
/usr/convex/getsysinfo = unknown
/usr/bin/hostinfo      = unknown
/bin/machine           = unknown
/usr/bin/oslevel       = unknown
/bin/universe          = unknown

PATH: /opt/ubicom32_sdk32x_gcc-4.4.1_uclibc-0.9.30.1_v02/bin
PATH: /opt/ubicom32_sdk32x_gcc-4.4.1_uclibc-0.9.30.1_v02/bin
PATH: /usr/local/sbin
PATH: /usr/local/bin
PATH: /usr/sbin
PATH: /usr/bin
PATH: /sbin
PATH: /bin
PATH: /usr/games


## ----------- ##
## Core tests. ##
## ----------- ##

configure:2011: checking whether make sets $(MAKE)
configure:2033: result: yes
configure:2054: checking for ubicom32-linux-uclibc-gcc
configure:2081: result: ubicom32-linux-uclibc-gcc
configure:2353: checking for C compiler version
configure:2361: ubicom32-linux-uclibc-gcc --version >&5
ubicom32-linux-uclibc-gcc (GCC) 4.4.1
Copyright (C) 2009 Free Software Foundation, Inc.
This is free software; see the source for copying conditions.  There is NO
warranty; not even for MERCHANTABILITY or FITNESS FOR A PARTICULAR PURPOSE.

configure:2365: $? = 0
configure:2372: ubicom32-linux-uclibc-gcc -v >&5
Using built-in specs.
Target: ubicom32-linux-uclibc
Configured with: /home/leo/project/tmp/ubicom32_sdk32x_gcc-4.4.1_uclibc-0.9.30.1.build-v02/build/ubicom32toolchain/gcc/configure --cache-file=./config.cache --with-gnu-as --with-gnu-ld --disable-werror --enable-gdbmi --enable-install-libbfd --enable-libada=no --enable-libssp=no --enable-rda=no --prefix=/opt/ubicom32_sdk32x_gcc-4.4.1_uclibc-0.9.30.1_v02 --with-gmp=/opt/ubicom32_sdk32x_gcc-4.4.1_uclibc-0.9.30.1_v02 --with-mpfr=/opt/ubicom32_sdk32x_gcc-4.4.1_uclibc-0.9.30.1_v02 --without-newlib --enable-threads=posix --with-sysroot=/opt/ubicom32_sdk32x_gcc-4.4.1_uclibc-0.9.30.1_v02/ubicom32-linux-uclibc/runtime --enable-languages=c,c++ --program-transform-name='s,^,ubicom32-linux-uclibc-,' --build=i686-pc-linux-gnu --host=i686-pc-linux-gnu --target=ubicom32-linux-uclibc --srcdir=/home/leo/project/tmp/ubicom32_sdk32x_gcc-4.4.1_uclibc-0.9.30.1.build-v02/build/ubicom32toolchain/gcc
Thread model: posix
gcc version 4.4.1 (GCC) 
configure:2376: $? = 0
configure:2383: ubicom32-linux-uclibc-gcc -V >&5
ubicom32-linux-uclibc-gcc: '-V' option must have argument
configure:2387: $? = 1
configure:2410: checking for C compiler default output file name
configure:2432: ubicom32-linux-uclibc-gcc -Os -Wall -D_LARGEFILE_SOURCE -D_LARGEFILE64_SOURCE -D_FILE_OFFSET_BITS=64 -D__ARCH_USE_MMU__ -D__UCLIBC__ -fno-strict-aliasing -pipe -march=ubicom32v5 -DUBICOM32_ARCH_VERSION=5 -DIP8000 -Dubicom32 -I/opt/ubicom32_sdk32x_gcc-4.4.1_uclibc-0.9.30.1_v02/ubicom32-linux-uclibc/runtime/usr/include -mfdpic -muclibc -fmath-errno -ftrapping-math -fweb -mhard-float -Os -Wall -D_LARGEFILE_SOURCE -D_LARGEFILE64_SOURCE -D_FILE_OFFSET_BITS=64 -D__ARCH_USE_MMU__ -D__UCLIBC__ -fno-strict-aliasing -pipe -march=ubicom32v5 -DUBICOM32_ARCH_VERSION=5 -DIP8000 -Dubicom32 -I/opt/ubicom32_sdk32x_gcc-4.4.1_uclibc-0.9.30.1_v02/ubicom32-linux-uclibc/runtime/usr/include -mfdpic -muclibc -fmath-errno -ftrapping-math -fweb -mhard-float  -march=ubicom32v5 conftest.c  >&5
configure:2436: $? = 0
configure:2474: result: a.out
configure:2493: checking whether the C compiler works
configure:2503: ./a.out
./configure: line 2505: ./a.out: cannot execute binary file
configure:2507: $? = 126
configure:2526: result: yes
configure:2533: checking whether we are cross compiling
configure:2535: result: yes
configure:2538: checking for suffix of executables
configure:2545: ubicom32-linux-uclibc-gcc -o conftest -Os -Wall -D_LARGEFILE_SOURCE -D_LARGEFILE64_SOURCE -D_FILE_OFFSET_BITS=64 -D__ARCH_USE_MMU__ -D__UCLIBC__ -fno-strict-aliasing -pipe -march=ubicom32v5 -DUBICOM32_ARCH_VERSION=5 -DIP8000 -Dubicom32 -I/opt/ubicom32_sdk32x_gcc-4.4.1_uclibc-0.9.30.1_v02/ubicom32-linux-uclibc/runtime/usr/include -mfdpic -muclibc -fmath-errno -ftrapping-math -fweb -mhard-float -Os -Wall -D_LARGEFILE_SOURCE -D_LARGEFILE64_SOURCE -D_FILE_OFFSET_BITS=64 -D__ARCH_USE_MMU__ -D__UCLIBC__ -fno-strict-aliasing -pipe -march=ubicom32v5 -DUBICOM32_ARCH_VERSION=5 -DIP8000 -Dubicom32 -I/opt/ubicom32_sdk32x_gcc-4.4.1_uclibc-0.9.30.1_v02/ubicom32-linux-uclibc/runtime/usr/include -mfdpic -muclibc -fmath-errno -ftrapping-math -fweb -mhard-float  -march=ubicom32v5 conftest.c  >&5
configure:2549: $? = 0
configure:2575: result: 
configure:2581: checking for suffix of object files
configure:2607: ubicom32-linux-uclibc-gcc -c -Os -Wall -D_LARGEFILE_SOURCE -D_LARGEFILE64_SOURCE -D_FILE_OFFSET_BITS=64 -D__ARCH_USE_MMU__ -D__UCLIBC__ -fno-strict-aliasing -pipe -march=ubicom32v5 -DUBICOM32_ARCH_VERSION=5 -DIP8000 -Dubicom32 -I/opt/ubicom32_sdk32x_gcc-4.4.1_uclibc-0.9.30.1_v02/ubicom32-linux-uclibc/runtime/usr/include -mfdpic -muclibc -fmath-errno -ftrapping-math -fweb -mhard-float -Os -Wall -D_LARGEFILE_SOURCE -D_LARGEFILE64_SOURCE -D_FILE_OFFSET_BITS=64 -D__ARCH_USE_MMU__ -D__UCLIBC__ -fno-strict-aliasing -pipe -march=ubicom32v5 -DUBICOM32_ARCH_VERSION=5 -DIP8000 -Dubicom32 -I/opt/ubicom32_sdk32x_gcc-4.4.1_uclibc-0.9.30.1_v02/ubicom32-linux-uclibc/runtime/usr/include -mfdpic -muclibc -fmath-errno -ftrapping-math -fweb -mhard-float  conftest.c >&5
configure:2611: $? = 0
configure:2636: result: o
configure:2640: checking whether we are using the GNU C compiler
configure:2669: ubicom32-linux-uclibc-gcc -c -Os -Wall -D_LARGEFILE_SOURCE -D_LARGEFILE64_SOURCE -D_FILE_OFFSET_BITS=64 -D__ARCH_USE_MMU__ -D__UCLIBC__ -fno-strict-aliasing -pipe -march=ubicom32v5 -DUBICOM32_ARCH_VERSION=5 -DIP8000 -Dubicom32 -I/opt/ubicom32_sdk32x_gcc-4.4.1_uclibc-0.9.30.1_v02/ubicom32-linux-uclibc/runtime/usr/include -mfdpic -muclibc -fmath-errno -ftrapping-math -fweb -mhard-float -Os -Wall -D_LARGEFILE_SOURCE -D_LARGEFILE64_SOURCE -D_FILE_OFFSET_BITS=64 -D__ARCH_USE_MMU__ -D__UCLIBC__ -fno-strict-aliasing -pipe -march=ubicom32v5 -DUBICOM32_ARCH_VERSION=5 -DIP8000 -Dubicom32 -I/opt/ubicom32_sdk32x_gcc-4.4.1_uclibc-0.9.30.1_v02/ubicom32-linux-uclibc/runtime/usr/include -mfdpic -muclibc -fmath-errno -ftrapping-math -fweb -mhard-float  conftest.c >&5
configure:2676: $? = 0
configure:2693: result: yes
configure:2702: checking whether ubicom32-linux-uclibc-gcc accepts -g
configure:2732: ubicom32-linux-uclibc-gcc -c -g  conftest.c >&5
configure:2739: $? = 0
configure:2840: result: yes
configure:2857: checking for ubicom32-linux-uclibc-gcc option to accept ISO C89
configure:2931: ubicom32-linux-uclibc-gcc  -c -Os -Wall -D_LARGEFILE_SOURCE -D_LARGEFILE64_SOURCE -D_FILE_OFFSET_BITS=64 -D__ARCH_USE_MMU__ -D__UCLIBC__ -fno-strict-aliasing -pipe -march=ubicom32v5 -DUBICOM32_ARCH_VERSION=5 -DIP8000 -Dubicom32 -I/opt/ubicom32_sdk32x_gcc-4.4.1_uclibc-0.9.30.1_v02/ubicom32-linux-uclibc/runtime/usr/include -mfdpic -muclibc -fmath-errno -ftrapping-math -fweb -mhard-float -Os -Wall -D_LARGEFILE_SOURCE -D_LARGEFILE64_SOURCE -D_FILE_OFFSET_BITS=64 -D__ARCH_USE_MMU__ -D__UCLIBC__ -fno-strict-aliasing -pipe -march=ubicom32v5 -DUBICOM32_ARCH_VERSION=5 -DIP8000 -Dubicom32 -I/opt/ubicom32_sdk32x_gcc-4.4.1_uclibc-0.9.30.1_v02/ubicom32-linux-uclibc/runtime/usr/include -mfdpic -muclibc -fmath-errno -ftrapping-math -fweb -mhard-float  conftest.c >&5
configure:2938: $? = 0
configure:2961: result: none needed
configure:2984: checking how to run the C preprocessor
configure:3024: ubicom32-linux-uclibc-gcc -E  conftest.c
configure:3031: $? = 0
configure:3062: ubicom32-linux-uclibc-gcc -E  conftest.c
conftest.c:8:28: error: ac_nonexistent.h: No such file or directory
configure:3069: $? = 1
configure: failed program was:
| /* confdefs.h.  */
| #define PACKAGE_NAME ""
| #define PACKAGE_TARNAME ""
| #define PACKAGE_VERSION ""
| #define PACKAGE_STRING ""
| #define PACKAGE_BUGREPORT ""
| /* end confdefs.h.  */
| #include <ac_nonexistent.h>
configure:3102: result: ubicom32-linux-uclibc-gcc -E
configure:3131: ubicom32-linux-uclibc-gcc -E  conftest.c
configure:3138: $? = 0
configure:3169: ubicom32-linux-uclibc-gcc -E  conftest.c
conftest.c:8:28: error: ac_nonexistent.h: No such file or directory
configure:3176: $? = 1
configure: failed program was:
| /* confdefs.h.  */
| #define PACKAGE_NAME ""
| #define PACKAGE_TARNAME ""
| #define PACKAGE_VERSION ""
| #define PACKAGE_STRING ""
| #define PACKAGE_BUGREPORT ""
| /* end confdefs.h.  */
| #include <ac_nonexistent.h>
configure:3229: checking for a BSD-compatible install
configure:3297: result: /usr/bin/install -c
configure:3316: checking build system type
configure:3334: result: i686-pc-linux-gnu
configure:3356: checking host system type
configure:3371: result: ubicom32-unknown-linux-uclibc
configure:3396: checking whether to activate relocatable installation
configure:3411: result: no
configure:3447: checking whether ln -s works
configure:3451: result: yes
configure:3462: checking for grep that handles long lines and -e
configure:3522: result: /bin/grep
configure:3527: checking for egrep
configure:3591: result: /bin/grep -E
configure:3596: checking for ANSI C header files
configure:3626: ubicom32-linux-uclibc-gcc -c -Os -Wall -D_LARGEFILE_SOURCE -D_LARGEFILE64_SOURCE -D_FILE_OFFSET_BITS=64 -D__ARCH_USE_MMU__ -D__UCLIBC__ -fno-strict-aliasing -pipe -march=ubicom32v5 -DUBICOM32_ARCH_VERSION=5 -DIP8000 -Dubicom32 -I/opt/ubicom32_sdk32x_gcc-4.4.1_uclibc-0.9.30.1_v02/ubicom32-linux-uclibc/runtime/usr/include -mfdpic -muclibc -fmath-errno -ftrapping-math -fweb -mhard-float -Os -Wall -D_LARGEFILE_SOURCE -D_LARGEFILE64_SOURCE -D_FILE_OFFSET_BITS=64 -D__ARCH_USE_MMU__ -D__UCLIBC__ -fno-strict-aliasing -pipe -march=ubicom32v5 -DUBICOM32_ARCH_VERSION=5 -DIP8000 -Dubicom32 -I/opt/ubicom32_sdk32x_gcc-4.4.1_uclibc-0.9.30.1_v02/ubicom32-linux-uclibc/runtime/usr/include -mfdpic -muclibc -fmath-errno -ftrapping-math -fweb -mhard-float  conftest.c >&5
configure:3633: $? = 0
configure:3764: result: yes
configure:3788: checking for sys/types.h
configure:3809: ubicom32-linux-uclibc-gcc -c -Os -Wall -D_LARGEFILE_SOURCE -D_LARGEFILE64_SOURCE -D_FILE_OFFSET_BITS=64 -D__ARCH_USE_MMU__ -D__UCLIBC__ -fno-strict-aliasing -pipe -march=ubicom32v5 -DUBICOM32_ARCH_VERSION=5 -DIP8000 -Dubicom32 -I/opt/ubicom32_sdk32x_gcc-4.4.1_uclibc-0.9.30.1_v02/ubicom32-linux-uclibc/runtime/usr/include -mfdpic -muclibc -fmath-errno -ftrapping-math -fweb -mhard-float -Os -Wall -D_LARGEFILE_SOURCE -D_LARGEFILE64_SOURCE -D_FILE_OFFSET_BITS=64 -D__ARCH_USE_MMU__ -D__UCLIBC__ -fno-strict-aliasing -pipe -march=ubicom32v5 -DUBICOM32_ARCH_VERSION=5 -DIP8000 -Dubicom32 -I/opt/ubicom32_sdk32x_gcc-4.4.1_uclibc-0.9.30.1_v02/ubicom32-linux-uclibc/runtime/usr/include -mfdpic -muclibc -fmath-errno -ftrapping-math -fweb -mhard-float  conftest.c >&5
configure:3816: $? = 0
configure:3833: result: yes
configure:3788: checking for sys/stat.h
configure:3809: ubicom32-linux-uclibc-gcc -c -Os -Wall -D_LARGEFILE_SOURCE -D_LARGEFILE64_SOURCE -D_FILE_OFFSET_BITS=64 -D__ARCH_USE_MMU__ -D__UCLIBC__ -fno-strict-aliasing -pipe -march=ubicom32v5 -DUBICOM32_ARCH_VERSION=5 -DIP8000 -Dubicom32 -I/opt/ubicom32_sdk32x_gcc-4.4.1_uclibc-0.9.30.1_v02/ubicom32-linux-uclibc/runtime/usr/include -mfdpic -muclibc -fmath-errno -ftrapping-math -fweb -mhard-float -Os -Wall -D_LARGEFILE_SOURCE -D_LARGEFILE64_SOURCE -D_FILE_OFFSET_BITS=64 -D__ARCH_USE_MMU__ -D__UCLIBC__ -fno-strict-aliasing -pipe -march=ubicom32v5 -DUBICOM32_ARCH_VERSION=5 -DIP8000 -Dubicom32 -I/opt/ubicom32_sdk32x_gcc-4.4.1_uclibc-0.9.30.1_v02/ubicom32-linux-uclibc/runtime/usr/include -mfdpic -muclibc -fmath-errno -ftrapping-math -fweb -mhard-float  conftest.c >&5
configure:3816: $? = 0
configure:3833: result: yes
configure:3788: checking for stdlib.h
configure:3809: ubicom32-linux-uclibc-gcc -c -Os -Wall -D_LARGEFILE_SOURCE -D_LARGEFILE64_SOURCE -D_FILE_OFFSET_BITS=64 -D__ARCH_USE_MMU__ -D__UCLIBC__ -fno-strict-aliasing -pipe -march=ubicom32v5 -DUBICOM32_ARCH_VERSION=5 -DIP8000 -Dubicom32 -I/opt/ubicom32_sdk32x_gcc-4.4.1_uclibc-0.9.30.1_v02/ubicom32-linux-uclibc/runtime/usr/include -mfdpic -muclibc -fmath-errno -ftrapping-math -fweb -mhard-float -Os -Wall -D_LARGEFILE_SOURCE -D_LARGEFILE64_SOURCE -D_FILE_OFFSET_BITS=64 -D__ARCH_USE_MMU__ -D__UCLIBC__ -fno-strict-aliasing -pipe -march=ubicom32v5 -DUBICOM32_ARCH_VERSION=5 -DIP8000 -Dubicom32 -I/opt/ubicom32_sdk32x_gcc-4.4.1_uclibc-0.9.30.1_v02/ubicom32-linux-uclibc/runtime/usr/include -mfdpic -muclibc -fmath-errno -ftrapping-math -fweb -mhard-float  conftest.c >&5
configure:3816: $? = 0
configure:3833: result: yes
configure:3788: checking for string.h
configure:3809: ubicom32-linux-uclibc-gcc -c -Os -Wall -D_LARGEFILE_SOURCE -D_LARGEFILE64_SOURCE -D_FILE_OFFSET_BITS=64 -D__ARCH_USE_MMU__ -D__UCLIBC__ -fno-strict-aliasing -pipe -march=ubicom32v5 -DUBICOM32_ARCH_VERSION=5 -DIP8000 -Dubicom32 -I/opt/ubicom32_sdk32x_gcc-4.4.1_uclibc-0.9.30.1_v02/ubicom32-linux-uclibc/runtime/usr/include -mfdpic -muclibc -fmath-errno -ftrapping-math -fweb -mhard-float -Os -Wall -D_LARGEFILE_SOURCE -D_LARGEFILE64_SOURCE -D_FILE_OFFSET_BITS=64 -D__ARCH_USE_MMU__ -D__UCLIBC__ -fno-strict-aliasing -pipe -march=ubicom32v5 -DUBICOM32_ARCH_VERSION=5 -DIP8000 -Dubicom32 -I/opt/ubicom32_sdk32x_gcc-4.4.1_uclibc-0.9.30.1_v02/ubicom32-linux-uclibc/runtime/usr/include -mfdpic -muclibc -fmath-errno -ftrapping-math -fweb -mhard-float  conftest.c >&5
configure:3816: $? = 0
configure:3833: result: yes
configure:3788: checking for memory.h
configure:3809: ubicom32-linux-uclibc-gcc -c -Os -Wall -D_LARGEFILE_SOURCE -D_LARGEFILE64_SOURCE -D_FILE_OFFSET_BITS=64 -D__ARCH_USE_MMU__ -D__UCLIBC__ -fno-strict-aliasing -pipe -march=ubicom32v5 -DUBICOM32_ARCH_VERSION=5 -DIP8000 -Dubicom32 -I/opt/ubicom32_sdk32x_gcc-4.4.1_uclibc-0.9.30.1_v02/ubicom32-linux-uclibc/runtime/usr/include -mfdpic -muclibc -fmath-errno -ftrapping-math -fweb -mhard-float -Os -Wall -D_LARGEFILE_SOURCE -D_LARGEFILE64_SOURCE -D_FILE_OFFSET_BITS=64 -D__ARCH_USE_MMU__ -D__UCLIBC__ -fno-strict-aliasing -pipe -march=ubicom32v5 -DUBICOM32_ARCH_VERSION=5 -DIP8000 -Dubicom32 -I/opt/ubicom32_sdk32x_gcc-4.4.1_uclibc-0.9.30.1_v02/ubicom32-linux-uclibc/runtime/usr/include -mfdpic -muclibc -fmath-errno -ftrapping-math -fweb -mhard-float  conftest.c >&5
configure:3816: $? = 0
configure:3833: result: yes
configure:3788: checking for strings.h
configure:3809: ubicom32-linux-uclibc-gcc -c -Os -Wall -D_LARGEFILE_SOURCE -D_LARGEFILE64_SOURCE -D_FILE_OFFSET_BITS=64 -D__ARCH_USE_MMU__ -D__UCLIBC__ -fno-strict-aliasing -pipe -march=ubicom32v5 -DUBICOM32_ARCH_VERSION=5 -DIP8000 -Dubicom32 -I/opt/ubicom32_sdk32x_gcc-4.4.1_uclibc-0.9.30.1_v02/ubicom32-linux-uclibc/runtime/usr/include -mfdpic -muclibc -fmath-errno -ftrapping-math -fweb -mhard-float -Os -Wall -D_LARGEFILE_SOURCE -D_LARGEFILE64_SOURCE -D_FILE_OFFSET_BITS=64 -D__ARCH_USE_MMU__ -D__UCLIBC__ -fno-strict-aliasing -pipe -march=ubicom32v5 -DUBICOM32_ARCH_VERSION=5 -DIP8000 -Dubicom32 -I/opt/ubicom32_sdk32x_gcc-4.4.1_uclibc-0.9.30.1_v02/ubicom32-linux-uclibc/runtime/usr/include -mfdpic -muclibc -fmath-errno -ftrapping-math -fweb -mhard-float  conftest.c >&5
configure:3816: $? = 0
configure:3833: result: yes
configure:3788: checking for inttypes.h
configure:3809: ubicom32-linux-uclibc-gcc -c -Os -Wall -D_LARGEFILE_SOURCE -D_LARGEFILE64_SOURCE -D_FILE_OFFSET_BITS=64 -D__ARCH_USE_MMU__ -D__UCLIBC__ -fno-strict-aliasing -pipe -march=ubicom32v5 -DUBICOM32_ARCH_VERSION=5 -DIP8000 -Dubicom32 -I/opt/ubicom32_sdk32x_gcc-4.4.1_uclibc-0.9.30.1_v02/ubicom32-linux-uclibc/runtime/usr/include -mfdpic -muclibc -fmath-errno -ftrapping-math -fweb -mhard-float -Os -Wall -D_LARGEFILE_SOURCE -D_LARGEFILE64_SOURCE -D_FILE_OFFSET_BITS=64 -D__ARCH_USE_MMU__ -D__UCLIBC__ -fno-strict-aliasing -pipe -march=ubicom32v5 -DUBICOM32_ARCH_VERSION=5 -DIP8000 -Dubicom32 -I/opt/ubicom32_sdk32x_gcc-4.4.1_uclibc-0.9.30.1_v02/ubicom32-linux-uclibc/runtime/usr/include -mfdpic -muclibc -fmath-errno -ftrapping-math -fweb -mhard-float  conftest.c >&5
configure:3816: $? = 0
configure:3833: result: yes
configure:3788: checking for stdint.h
configure:3809: ubicom32-linux-uclibc-gcc -c -Os -Wall -D_LARGEFILE_SOURCE -D_LARGEFILE64_SOURCE -D_FILE_OFFSET_BITS=64 -D__ARCH_USE_MMU__ -D__UCLIBC__ -fno-strict-aliasing -pipe -march=ubicom32v5 -DUBICOM32_ARCH_VERSION=5 -DIP8000 -Dubicom32 -I/opt/ubicom32_sdk32x_gcc-4.4.1_uclibc-0.9.30.1_v02/ubicom32-linux-uclibc/runtime/usr/include -mfdpic -muclibc -fmath-errno -ftrapping-math -fweb -mhard-float -Os -Wall -D_LARGEFILE_SOURCE -D_LARGEFILE64_SOURCE -D_FILE_OFFSET_BITS=64 -D__ARCH_USE_MMU__ -D__UCLIBC__ -fno-strict-aliasing -pipe -march=ubicom32v5 -DUBICOM32_ARCH_VERSION=5 -DIP8000 -Dubicom32 -I/opt/ubicom32_sdk32x_gcc-4.4.1_uclibc-0.9.30.1_v02/ubicom32-linux-uclibc/runtime/usr/include -mfdpic -muclibc -fmath-errno -ftrapping-math -fweb -mhard-float  conftest.c >&5
configure:3816: $? = 0
configure:3833: result: yes
configure:3788: checking for unistd.h
configure:3809: ubicom32-linux-uclibc-gcc -c -Os -Wall -D_LARGEFILE_SOURCE -D_LARGEFILE64_SOURCE -D_FILE_OFFSET_BITS=64 -D__ARCH_USE_MMU__ -D__UCLIBC__ -fno-strict-aliasing -pipe -march=ubicom32v5 -DUBICOM32_ARCH_VERSION=5 -DIP8000 -Dubicom32 -I/opt/ubicom32_sdk32x_gcc-4.4.1_uclibc-0.9.30.1_v02/ubicom32-linux-uclibc/runtime/usr/include -mfdpic -muclibc -fmath-errno -ftrapping-math -fweb -mhard-float -Os -Wall -D_LARGEFILE_SOURCE -D_LARGEFILE64_SOURCE -D_FILE_OFFSET_BITS=64 -D__ARCH_USE_MMU__ -D__UCLIBC__ -fno-strict-aliasing -pipe -march=ubicom32v5 -DUBICOM32_ARCH_VERSION=5 -DIP8000 -Dubicom32 -I/opt/ubicom32_sdk32x_gcc-4.4.1_uclibc-0.9.30.1_v02/ubicom32-linux-uclibc/runtime/usr/include -mfdpic -muclibc -fmath-errno -ftrapping-math -fweb -mhard-float  conftest.c >&5
configure:3816: $? = 0
configure:3833: result: yes
configure:3860: checking minix/config.h usability
configure:3877: ubicom32-linux-uclibc-gcc -c -Os -Wall -D_LARGEFILE_SOURCE -D_LARGEFILE64_SOURCE -D_FILE_OFFSET_BITS=64 -D__ARCH_USE_MMU__ -D__UCLIBC__ -fno-strict-aliasing -pipe -march=ubicom32v5 -DUBICOM32_ARCH_VERSION=5 -DIP8000 -Dubicom32 -I/opt/ubicom32_sdk32x_gcc-4.4.1_uclibc-0.9.30.1_v02/ubicom32-linux-uclibc/runtime/usr/include -mfdpic -muclibc -fmath-errno -ftrapping-math -fweb -mhard-float -Os -Wall -D_LARGEFILE_SOURCE -D_LARGEFILE64_SOURCE -D_FILE_OFFSET_BITS=64 -D__ARCH_USE_MMU__ -D__UCLIBC__ -fno-strict-aliasing -pipe -march=ubicom32v5 -DUBICOM32_ARCH_VERSION=5 -DIP8000 -Dubicom32 -I/opt/ubicom32_sdk32x_gcc-4.4.1_uclibc-0.9.30.1_v02/ubicom32-linux-uclibc/runtime/usr/include -mfdpic -muclibc -fmath-errno -ftrapping-math -fweb -mhard-float  conftest.c >&5
conftest.c:52:26: error: minix/config.h: No such file or directory
configure:3884: $? = 1
configure: failed program was:
| /* confdefs.h.  */
| #define PACKAGE_NAME ""
| #define PACKAGE_TARNAME ""
| #define PACKAGE_VERSION ""
| #define PACKAGE_STRING ""
| #define PACKAGE_BUGREPORT ""
| #define INSTALLPREFIX "/home/jeremy_lin/project/GPL/0514_pro/elbox_WRGND15/build"
| #define STDC_HEADERS 1
| #define HAVE_SYS_TYPES_H 1
| #define HAVE_SYS_STAT_H 1
| #define HAVE_STDLIB_H 1
| #define HAVE_STRING_H 1
| #define HAVE_MEMORY_H 1
| #define HAVE_STRINGS_H 1
| #define HAVE_INTTYPES_H 1
| #define HAVE_STDINT_H 1
| #define HAVE_UNISTD_H 1
| /* end confdefs.h.  */
| #include <stdio.h>
| #ifdef HAVE_SYS_TYPES_H
| # include <sys/types.h>
| #endif
| #ifdef HAVE_SYS_STAT_H
| # include <sys/stat.h>
| #endif
| #ifdef STDC_HEADERS
| # include <stdlib.h>
| # include <stddef.h>
| #else
| # ifdef HAVE_STDLIB_H
| #  include <stdlib.h>
| # endif
| #endif
| #ifdef HAVE_STRING_H
| # if !defined STDC_HEADERS && defined HAVE_MEMORY_H
| #  include <memory.h>
| # endif
| # include <string.h>
| #endif
| #ifdef HAVE_STRINGS_H
| # include <strings.h>
| #endif
| #ifdef HAVE_INTTYPES_H
| # include <inttypes.h>
| #endif
| #ifdef HAVE_STDINT_H
| # include <stdint.h>
| #endif
| #ifdef HAVE_UNISTD_H
| # include <unistd.h>
| #endif
| #include <minix/config.h>
configure:3898: result: no
configure:3902: checking minix/config.h presence
configure:3917: ubicom32-linux-uclibc-gcc -E  conftest.c
conftest.c:19:26: error: minix/config.h: No such file or directory
configure:3924: $? = 1
configure: failed program was:
| /* confdefs.h.  */
| #define PACKAGE_NAME ""
| #define PACKAGE_TARNAME ""
| #define PACKAGE_VERSION ""
| #define PACKAGE_STRING ""
| #define PACKAGE_BUGREPORT ""
| #define INSTALLPREFIX "/home/jeremy_lin/project/GPL/0514_pro/elbox_WRGND15/build"
| #define STDC_HEADERS 1
| #define HAVE_SYS_TYPES_H 1
| #define HAVE_SYS_STAT_H 1
| #define HAVE_STDLIB_H 1
| #define HAVE_STRING_H 1
| #define HAVE_MEMORY_H 1
| #define HAVE_STRINGS_H 1
| #define HAVE_INTTYPES_H 1
| #define HAVE_STDINT_H 1
| #define HAVE_UNISTD_H 1
| /* end confdefs.h.  */
| #include <minix/config.h>
configure:3938: result: no
configure:3966: checking for minix/config.h
configure:3973: result: no
configure:4014: checking whether it is safe to define __EXTENSIONS__
configure:4042: ubicom32-linux-uclibc-gcc -c -Os -Wall -D_LARGEFILE_SOURCE -D_LARGEFILE64_SOURCE -D_FILE_OFFSET_BITS=64 -D__ARCH_USE_MMU__ -D__UCLIBC__ -fno-strict-aliasing -pipe -march=ubicom32v5 -DUBICOM32_ARCH_VERSION=5 -DIP8000 -Dubicom32 -I/opt/ubicom32_sdk32x_gcc-4.4.1_uclibc-0.9.30.1_v02/ubicom32-linux-uclibc/runtime/usr/include -mfdpic -muclibc -fmath-errno -ftrapping-math -fweb -mhard-float -Os -Wall -D_LARGEFILE_SOURCE -D_LARGEFILE64_SOURCE -D_FILE_OFFSET_BITS=64 -D__ARCH_USE_MMU__ -D__UCLIBC__ -fno-strict-aliasing -pipe -march=ubicom32v5 -DUBICOM32_ARCH_VERSION=5 -DIP8000 -Dubicom32 -I/opt/ubicom32_sdk32x_gcc-4.4.1_uclibc-0.9.30.1_v02/ubicom32-linux-uclibc/runtime/usr/include -mfdpic -muclibc -fmath-errno -ftrapping-math -fweb -mhard-float  conftest.c >&5
configure:4049: $? = 0
configure:4064: result: yes
configure:4121: checking for a sed that does not truncate output
configure:4187: result: /bin/sed
configure:4205: checking for fgrep
configure:4269: result: /bin/grep -F
configure:4304: checking for ld used by ubicom32-linux-uclibc-gcc
configure:4371: result: ubicom32-linux-uclibc-ld
configure:4380: checking if the linker (ubicom32-linux-uclibc-ld) is GNU ld
configure:4395: result: yes
configure:4407: checking for BSD- or MS-compatible name lister (nm)
configure:4456: result: /opt/ubicom32_sdk32x_gcc-4.4.1_uclibc-0.9.30.1_v02/bin/ubicom32-linux-uclibc-nm -B
configure:4574: checking the name lister (/opt/ubicom32_sdk32x_gcc-4.4.1_uclibc-0.9.30.1_v02/bin/ubicom32-linux-uclibc-nm -B) interface
configure:4581: ubicom32-linux-uclibc-gcc -c -Os -Wall -D_LARGEFILE_SOURCE -D_LARGEFILE64_SOURCE -D_FILE_OFFSET_BITS=64 -D__ARCH_USE_MMU__ -D__UCLIBC__ -fno-strict-aliasing -pipe -march=ubicom32v5 -DUBICOM32_ARCH_VERSION=5 -DIP8000 -Dubicom32 -I/opt/ubicom32_sdk32x_gcc-4.4.1_uclibc-0.9.30.1_v02/ubicom32-linux-uclibc/runtime/usr/include -mfdpic -muclibc -fmath-errno -ftrapping-math -fweb -mhard-float -Os -Wall -D_LARGEFILE_SOURCE -D_LARGEFILE64_SOURCE -D_FILE_OFFSET_BITS=64 -D__ARCH_USE_MMU__ -D__UCLIBC__ -fno-strict-aliasing -pipe -march=ubicom32v5 -DUBICOM32_ARCH_VERSION=5 -DIP8000 -Dubicom32 -I/opt/ubicom32_sdk32x_gcc-4.4.1_uclibc-0.9.30.1_v02/ubicom32-linux-uclibc/runtime/usr/include -mfdpic -muclibc -fmath-errno -ftrapping-math -fweb -mhard-float  conftest.c >&5
configure:4584: /opt/ubicom32_sdk32x_gcc-4.4.1_uclibc-0.9.30.1_v02/bin/ubicom32-linux-uclibc-nm -B "conftest.o"
configure:4587: output
00000000 B some_variable
configure:4594: result: BSD nm
configure:4598: checking the maximum length of command line arguments
configure:4718: result: 805306365
configure:4735: checking whether the shell understands some XSI constructs
configure:4745: result: yes
configure:4749: checking whether the shell understands "+="
configure:4755: result: yes
configure:4790: checking for ubicom32-linux-uclibc-ld option to reload object files
configure:4797: result: -r
configure:4826: checking for ubicom32-linux-uclibc-objdump
configure:4842: found /opt/ubicom32_sdk32x_gcc-4.4.1_uclibc-0.9.30.1_v02/bin/ubicom32-linux-uclibc-objdump
configure:4853: result: ubicom32-linux-uclibc-objdump
configure:4922: checking how to recognize dependent libraries
configure:5118: result: pass_all
configure:5138: checking for ubicom32-linux-uclibc-ar
configure:5165: result: ubicom32-linux-uclibc-ar
configure:5243: checking for ubicom32-linux-uclibc-strip
configure:5270: result: ubicom32-linux-uclibc-strip
configure:5342: checking for ubicom32-linux-uclibc-ranlib
configure:5369: result: ubicom32-linux-uclibc-ranlib
configure:5499: checking command to parse /opt/ubicom32_sdk32x_gcc-4.4.1_uclibc-0.9.30.1_v02/bin/ubicom32-linux-uclibc-nm -B output from ubicom32-linux-uclibc-gcc object
configure:5617: ubicom32-linux-uclibc-gcc -c -Os -Wall -D_LARGEFILE_SOURCE -D_LARGEFILE64_SOURCE -D_FILE_OFFSET_BITS=64 -D__ARCH_USE_MMU__ -D__UCLIBC__ -fno-strict-aliasing -pipe -march=ubicom32v5 -DUBICOM32_ARCH_VERSION=5 -DIP8000 -Dubicom32 -I/opt/ubicom32_sdk32x_gcc-4.4.1_uclibc-0.9.30.1_v02/ubicom32-linux-uclibc/runtime/usr/include -mfdpic -muclibc -fmath-errno -ftrapping-math -fweb -mhard-float -Os -Wall -D_LARGEFILE_SOURCE -D_LARGEFILE64_SOURCE -D_FILE_OFFSET_BITS=64 -D__ARCH_USE_MMU__ -D__UCLIBC__ -fno-strict-aliasing -pipe -march=ubicom32v5 -DUBICOM32_ARCH_VERSION=5 -DIP8000 -Dubicom32 -I/opt/ubicom32_sdk32x_gcc-4.4.1_uclibc-0.9.30.1_v02/ubicom32-linux-uclibc/runtime/usr/include -mfdpic -muclibc -fmath-errno -ftrapping-math -fweb -mhard-float  conftest.c >&5
configure:5620: $? = 0
configure:5624: /opt/ubicom32_sdk32x_gcc-4.4.1_uclibc-0.9.30.1_v02/bin/ubicom32-linux-uclibc-nm -B conftest.o \| sed -n -e 's/^.*[	 ]\([ABCDGIRSTW][ABCDGIRSTW]*\)[	 ][	 ]*\([_A-Za-z][_A-Za-z0-9]*\)$/\1 \2 \2/p' \> conftest.nm
configure:5627: $? = 0
configure:5681: ubicom32-linux-uclibc-gcc -o conftest -Os -Wall -D_LARGEFILE_SOURCE -D_LARGEFILE64_SOURCE -D_FILE_OFFSET_BITS=64 -D__ARCH_USE_MMU__ -D__UCLIBC__ -fno-strict-aliasing -pipe -march=ubicom32v5 -DUBICOM32_ARCH_VERSION=5 -DIP8000 -Dubicom32 -I/opt/ubicom32_sdk32x_gcc-4.4.1_uclibc-0.9.30.1_v02/ubicom32-linux-uclibc/runtime/usr/include -mfdpic -muclibc -fmath-errno -ftrapping-math -fweb -mhard-float -Os -Wall -D_LARGEFILE_SOURCE -D_LARGEFILE64_SOURCE -D_FILE_OFFSET_BITS=64 -D__ARCH_USE_MMU__ -D__UCLIBC__ -fno-strict-aliasing -pipe -march=ubicom32v5 -DUBICOM32_ARCH_VERSION=5 -DIP8000 -Dubicom32 -I/opt/ubicom32_sdk32x_gcc-4.4.1_uclibc-0.9.30.1_v02/ubicom32-linux-uclibc/runtime/usr/include -mfdpic -muclibc -fmath-errno -ftrapping-math -fweb -mhard-float  -march=ubicom32v5 conftest.c conftstm.o >&5
configure:5684: $? = 0
configure:5722: result: ok
configure:6587: checking for dlfcn.h
configure:6608: ubicom32-linux-uclibc-gcc -c -Os -Wall -D_LARGEFILE_SOURCE -D_LARGEFILE64_SOURCE -D_FILE_OFFSET_BITS=64 -D__ARCH_USE_MMU__ -D__UCLIBC__ -fno-strict-aliasing -pipe -march=ubicom32v5 -DUBICOM32_ARCH_VERSION=5 -DIP8000 -Dubicom32 -I/opt/ubicom32_sdk32x_gcc-4.4.1_uclibc-0.9.30.1_v02/ubicom32-linux-uclibc/runtime/usr/include -mfdpic -muclibc -fmath-errno -ftrapping-math -fweb -mhard-float -Os -Wall -D_LARGEFILE_SOURCE -D_LARGEFILE64_SOURCE -D_FILE_OFFSET_BITS=64 -D__ARCH_USE_MMU__ -D__UCLIBC__ -fno-strict-aliasing -pipe -march=ubicom32v5 -DUBICOM32_ARCH_VERSION=5 -DIP8000 -Dubicom32 -I/opt/ubicom32_sdk32x_gcc-4.4.1_uclibc-0.9.30.1_v02/ubicom32-linux-uclibc/runtime/usr/include -mfdpic -muclibc -fmath-errno -ftrapping-math -fweb -mhard-float  conftest.c >&5
configure:6615: $? = 0
configure:6632: result: yes
configure:7116: checking for objdir
configure:7131: result: .libs
configure:7427: checking if ubicom32-linux-uclibc-gcc supports -fno-rtti -fno-exceptions
configure:7445: ubicom32-linux-uclibc-gcc -c -Os -Wall -D_LARGEFILE_SOURCE -D_LARGEFILE64_SOURCE -D_FILE_OFFSET_BITS=64 -D__ARCH_USE_MMU__ -D__UCLIBC__ -fno-strict-aliasing -pipe -march=ubicom32v5 -DUBICOM32_ARCH_VERSION=5 -DIP8000 -Dubicom32 -I/opt/ubicom32_sdk32x_gcc-4.4.1_uclibc-0.9.30.1_v02/ubicom32-linux-uclibc/runtime/usr/include -mfdpic -muclibc -fmath-errno -ftrapping-math -fweb -mhard-float -Os -Wall -D_LARGEFILE_SOURCE -D_LARGEFILE64_SOURCE -D_FILE_OFFSET_BITS=64 -D__ARCH_USE_MMU__ -D__UCLIBC__ -fno-strict-aliasing -pipe -march=ubicom32v5 -DUBICOM32_ARCH_VERSION=5 -DIP8000 -Dubicom32 -I/opt/ubicom32_sdk32x_gcc-4.4.1_uclibc-0.9.30.1_v02/ubicom32-linux-uclibc/runtime/usr/include -mfdpic -muclibc -fmath-errno -ftrapping-math -fweb -mhard-float  -fno-rtti -fno-exceptions conftest.c >&5
cc1: warning: command line option "-fno-rtti" is valid for C++/ObjC++ but not for C
configure:7449: $? = 0
configure:7462: result: no
configure:7482: checking for ubicom32-linux-uclibc-gcc option to produce PIC
configure:7754: result: -fPIC -DPIC
configure:7766: checking if ubicom32-linux-uclibc-gcc PIC flag -fPIC -DPIC works
configure:7784: ubicom32-linux-uclibc-gcc -c -Os -Wall -D_LARGEFILE_SOURCE -D_LARGEFILE64_SOURCE -D_FILE_OFFSET_BITS=64 -D__ARCH_USE_MMU__ -D__UCLIBC__ -fno-strict-aliasing -pipe -march=ubicom32v5 -DUBICOM32_ARCH_VERSION=5 -DIP8000 -Dubicom32 -I/opt/ubicom32_sdk32x_gcc-4.4.1_uclibc-0.9.30.1_v02/ubicom32-linux-uclibc/runtime/usr/include -mfdpic -muclibc -fmath-errno -ftrapping-math -fweb -mhard-float -Os -Wall -D_LARGEFILE_SOURCE -D_LARGEFILE64_SOURCE -D_FILE_OFFSET_BITS=64 -D__ARCH_USE_MMU__ -D__UCLIBC__ -fno-strict-aliasing -pipe -march=ubicom32v5 -DUBICOM32_ARCH_VERSION=5 -DIP8000 -Dubicom32 -I/opt/ubicom32_sdk32x_gcc-4.4.1_uclibc-0.9.30.1_v02/ubicom32-linux-uclibc/runtime/usr/include -mfdpic -muclibc -fmath-errno -ftrapping-math -fweb -mhard-float  -fPIC -DPIC -DPIC conftest.c >&5
configure:7788: $? = 0
configure:7801: result: yes
configure:7825: checking if ubicom32-linux-uclibc-gcc static flag -static works
configure:7853: result: yes
configure:7868: checking if ubicom32-linux-uclibc-gcc supports -c -o file.o
configure:7889: ubicom32-linux-uclibc-gcc -c -Os -Wall -D_LARGEFILE_SOURCE -D_LARGEFILE64_SOURCE -D_FILE_OFFSET_BITS=64 -D__ARCH_USE_MMU__ -D__UCLIBC__ -fno-strict-aliasing -pipe -march=ubicom32v5 -DUBICOM32_ARCH_VERSION=5 -DIP8000 -Dubicom32 -I/opt/ubicom32_sdk32x_gcc-4.4.1_uclibc-0.9.30.1_v02/ubicom32-linux-uclibc/runtime/usr/include -mfdpic -muclibc -fmath-errno -ftrapping-math -fweb -mhard-float -Os -Wall -D_LARGEFILE_SOURCE -D_LARGEFILE64_SOURCE -D_FILE_OFFSET_BITS=64 -D__ARCH_USE_MMU__ -D__UCLIBC__ -fno-strict-aliasing -pipe -march=ubicom32v5 -DUBICOM32_ARCH_VERSION=5 -DIP8000 -Dubicom32 -I/opt/ubicom32_sdk32x_gcc-4.4.1_uclibc-0.9.30.1_v02/ubicom32-linux-uclibc/runtime/usr/include -mfdpic -muclibc -fmath-errno -ftrapping-math -fweb -mhard-float  -o out/conftest2.o conftest.c >&5
configure:7893: $? = 0
configure:7915: result: yes
configure:7923: checking if ubicom32-linux-uclibc-gcc supports -c -o file.o
configure:7970: result: yes
configure:8003: checking whether the ubicom32-linux-uclibc-gcc linker (ubicom32-linux-uclibc-ld) supports shared libraries
configure:9077: result: yes
configure:9114: checking whether -lc should be explicitly linked in
configure:9119: ubicom32-linux-uclibc-gcc -c -Os -Wall -D_LARGEFILE_SOURCE -D_LARGEFILE64_SOURCE -D_FILE_OFFSET_BITS=64 -D__ARCH_USE_MMU__ -D__UCLIBC__ -fno-strict-aliasing -pipe -march=ubicom32v5 -DUBICOM32_ARCH_VERSION=5 -DIP8000 -Dubicom32 -I/opt/ubicom32_sdk32x_gcc-4.4.1_uclibc-0.9.30.1_v02/ubicom32-linux-uclibc/runtime/usr/include -mfdpic -muclibc -fmath-errno -ftrapping-math -fweb -mhard-float -Os -Wall -D_LARGEFILE_SOURCE -D_LARGEFILE64_SOURCE -D_FILE_OFFSET_BITS=64 -D__ARCH_USE_MMU__ -D__UCLIBC__ -fno-strict-aliasing -pipe -march=ubicom32v5 -DUBICOM32_ARCH_VERSION=5 -DIP8000 -Dubicom32 -I/opt/ubicom32_sdk32x_gcc-4.4.1_uclibc-0.9.30.1_v02/ubicom32-linux-uclibc/runtime/usr/include -mfdpic -muclibc -fmath-errno -ftrapping-math -fweb -mhard-float  conftest.c >&5
configure:9122: $? = 0
configure:9137: ubicom32-linux-uclibc-gcc -shared conftest.o  -v -Wl,-soname -Wl,conftest -o conftest 2\>\&1 \| /bin/grep  -lc  \>/dev/null 2\>\&1
configure:9140: $? = 0
configure:9152: result: no
configure:9316: checking dynamic linker characteristics
configure:9759: ubicom32-linux-uclibc-gcc -o conftest -Os -Wall -D_LARGEFILE_SOURCE -D_LARGEFILE64_SOURCE -D_FILE_OFFSET_BITS=64 -D__ARCH_USE_MMU__ -D__UCLIBC__ -fno-strict-aliasing -pipe -march=ubicom32v5 -DUBICOM32_ARCH_VERSION=5 -DIP8000 -Dubicom32 -I/opt/ubicom32_sdk32x_gcc-4.4.1_uclibc-0.9.30.1_v02/ubicom32-linux-uclibc/runtime/usr/include -mfdpic -muclibc -fmath-errno -ftrapping-math -fweb -mhard-float -Os -Wall -D_LARGEFILE_SOURCE -D_LARGEFILE64_SOURCE -D_FILE_OFFSET_BITS=64 -D__ARCH_USE_MMU__ -D__UCLIBC__ -fno-strict-aliasing -pipe -march=ubicom32v5 -DUBICOM32_ARCH_VERSION=5 -DIP8000 -Dubicom32 -I/opt/ubicom32_sdk32x_gcc-4.4.1_uclibc-0.9.30.1_v02/ubicom32-linux-uclibc/runtime/usr/include -mfdpic -muclibc -fmath-errno -ftrapping-math -fweb -mhard-float  -march=ubicom32v5 -Wl,-rpath -Wl,/foo conftest.c  >&5
configure:9766: $? = 0
configure:9999: result: GNU/Linux ld.so
configure:10101: checking how to hardcode library paths into programs
configure:10126: result: immediate
configure:10959: checking whether stripping libraries is possible
configure:10964: result: yes
configure:10999: checking if libtool supports shared libraries
configure:11001: result: yes
configure:11004: checking whether to build shared libraries
configure:11025: result: yes
configure:11028: checking whether to build static libraries
configure:11032: result: no
configure:11072: checking for simple visibility declarations
configure:11104: ubicom32-linux-uclibc-gcc -c -Os -Wall -D_LARGEFILE_SOURCE -D_LARGEFILE64_SOURCE -D_FILE_OFFSET_BITS=64 -D__ARCH_USE_MMU__ -D__UCLIBC__ -fno-strict-aliasing -pipe -march=ubicom32v5 -DUBICOM32_ARCH_VERSION=5 -DIP8000 -Dubicom32 -I/opt/ubicom32_sdk32x_gcc-4.4.1_uclibc-0.9.30.1_v02/ubicom32-linux-uclibc/runtime/usr/include -mfdpic -muclibc -fmath-errno -ftrapping-math -fweb -mhard-float -Os -Wall -D_LARGEFILE_SOURCE -D_LARGEFILE64_SOURCE -D_FILE_OFFSET_BITS=64 -D__ARCH_USE_MMU__ -D__UCLIBC__ -fno-strict-aliasing -pipe -march=ubicom32v5 -DUBICOM32_ARCH_VERSION=5 -DIP8000 -Dubicom32 -I/opt/ubicom32_sdk32x_gcc-4.4.1_uclibc-0.9.30.1_v02/ubicom32-linux-uclibc/runtime/usr/include -mfdpic -muclibc -fmath-errno -ftrapping-math -fweb -mhard-float -fvisibility=hidden  conftest.c >&5
configure:11111: $? = 0
configure:11128: result: yes
configure:11293: creating ./config.status

## ---------------------- ##
## Running config.status. ##
## ---------------------- ##

This file was extended by config.status, which was
generated by GNU Autoconf 2.63.  Invocation command line was

  CONFIG_FILES    = 
  CONFIG_HEADERS  = 
  CONFIG_LINKS    = 
  CONFIG_COMMANDS = 
  $ ./config.status 

on apollo

config.status:885: creating Makefile
config.status:1090: executing libtool commands

## ---------------- ##
## Cache variables. ##
## ---------------- ##

ac_cv_build=i686-pc-linux-gnu
ac_cv_c_compiler_gnu=yes
ac_cv_env_CC_set=set
ac_cv_env_CC_value=ubicom32-linux-uclibc-gcc
ac_cv_env_CFLAGS_set=set
ac_cv_env_CFLAGS_value='-Os -Wall -D_LARGEFILE_SOURCE -D_LARGEFILE64_SOURCE -D_FILE_OFFSET_BITS=64 -D__ARCH_USE_MMU__ -D__UCLIBC__ -fno-strict-aliasing -pipe -march=ubicom32v5 -DUBICOM32_ARCH_VERSION=5 -DIP8000 -Dubicom32 -I/opt/ubicom32_sdk32x_gcc-4.4.1_uclibc-0.9.30.1_v02/ubicom32-linux-uclibc/runtime/usr/include -mfdpic -muclibc -fmath-errno -ftrapping-math -fweb -mhard-float -Os -Wall -D_LARGEFILE_SOURCE -D_LARGEFILE64_SOURCE -D_FILE_OFFSET_BITS=64 -D__ARCH_USE_MMU__ -D__UCLIBC__ -fno-strict-aliasing -pipe -march=ubicom32v5 -DUBICOM32_ARCH_VERSION=5 -DIP8000 -Dubicom32 -I/opt/ubicom32_sdk32x_gcc-4.4.1_uclibc-0.9.30.1_v02/ubicom32-linux-uclibc/runtime/usr/include -mfdpic -muclibc -fmath-errno -ftrapping-math -fweb -mhard-float'
ac_cv_env_CPPFLAGS_set=
ac_cv_env_CPPFLAGS_value=
ac_cv_env_CPP_set=
ac_cv_env_CPP_value=
ac_cv_env_LDFLAGS_set=set
ac_cv_env_LDFLAGS_value=-march=ubicom32v5
ac_cv_env_LIBS_set=
ac_cv_env_LIBS_value=
ac_cv_env_build_alias_set=
ac_cv_env_build_alias_value=
ac_cv_env_host_alias_set=set
ac_cv_env_host_alias_value=ubicom32-linux-uclibc
ac_cv_env_target_alias_set=
ac_cv_env_target_alias_value=
ac_cv_header_dlfcn_h=yes
ac_cv_header_inttypes_h=yes
ac_cv_header_memory_h=yes
ac_cv_header_minix_config_h=no
ac_cv_header_stdc=yes
ac_cv_header_stdint_h=yes
ac_cv_header_stdlib_h=yes
ac_cv_header_string_h=yes
ac_cv_header_strings_h=yes
ac_cv_header_sys_stat_h=yes
ac_cv_header_sys_types_h=yes
ac_cv_header_unistd_h=yes
ac_cv_host=ubicom32-unknown-linux-uclibc
ac_cv_objext=o
ac_cv_path_EGREP='/bin/grep -E'
ac_cv_path_FGREP='/bin/grep -F'
ac_cv_path_GREP=/bin/grep
ac_cv_path_SED=/bin/sed
ac_cv_path_install='/usr/bin/install -c'
ac_cv_prog_AR=ubicom32-linux-uclibc-ar
ac_cv_prog_CC=ubicom32-linux-uclibc-gcc
ac_cv_prog_CPP='ubicom32-linux-uclibc-gcc -E'
ac_cv_prog_OBJDUMP=ubicom32-linux-uclibc-objdump
ac_cv_prog_RANLIB=ubicom32-linux-uclibc-ranlib
ac_cv_prog_STRIP=ubicom32-linux-uclibc-strip
ac_cv_prog_cc_c89=
ac_cv_prog_cc_g=yes
ac_cv_prog_make_make_set=yes
ac_cv_safe_to_define___extensions__=yes
gl_cv_cc_visibility=yes
lt_cv_deplibs_check_method=pass_all
lt_cv_file_magic_cmd='$MAGIC_CMD'
lt_cv_file_magic_test_file=
lt_cv_ld_reload_flag=-r
lt_cv_nm_interface='BSD nm'
lt_cv_objdir=.libs
lt_cv_path_LD=ubicom32-linux-uclibc-ld
lt_cv_path_NM='/opt/ubicom32_sdk32x_gcc-4.4.1_uclibc-0.9.30.1_v02/bin/ubicom32-linux-uclibc-nm -B'
lt_cv_prog_compiler_c_o=yes
lt_cv_prog_compiler_pic_works=yes
lt_cv_prog_compiler_rtti_exceptions=no
lt_cv_prog_compiler_static_works=yes
lt_cv_prog_gnu_ld=yes
lt_cv_sys_global_symbol_pipe='sed -n -e '\''s/^.*[	 ]\([ABCDGIRSTW][ABCDGIRSTW]*\)[	 ][	 ]*\([_A-Za-z][_A-Za-z0-9]*\)$/\1 \2 \2/p'\'''
lt_cv_sys_global_symbol_to_c_name_address='sed -n -e '\''s/^: \([^ ]*\) $/  {\"\1\", (void *) 0},/p'\'' -e '\''s/^[ABCDGIRSTW]* \([^ ]*\) \([^ ]*\)$/  {"\2", (void *) \&\2},/p'\'''
lt_cv_sys_global_symbol_to_c_name_address_lib_prefix='sed -n -e '\''s/^: \([^ ]*\) $/  {\"\1\", (void *) 0},/p'\'' -e '\''s/^[ABCDGIRSTW]* \([^ ]*\) \(lib[^ ]*\)$/  {"\2", (void *) \&\2},/p'\'' -e '\''s/^[ABCDGIRSTW]* \([^ ]*\) \([^ ]*\)$/  {"lib\2", (void *) \&\2},/p'\'''
lt_cv_sys_global_symbol_to_cdecl='sed -n -e '\''s/^T .* \(.*\)$/extern int \1();/p'\'' -e '\''s/^[ABCDGIRSTW]* .* \(.*\)$/extern char \1;/p'\'''
lt_cv_sys_max_cmd_len=805306365

## ----------------- ##
## Output variables. ##
## ----------------- ##

AR='ubicom32-linux-uclibc-ar'
AS='ubicom32-linux-uclibc-as'
CC='ubicom32-linux-uclibc-gcc'
CFLAGS='-Os -Wall -D_LARGEFILE_SOURCE -D_LARGEFILE64_SOURCE -D_FILE_OFFSET_BITS=64 -D__ARCH_USE_MMU__ -D__UCLIBC__ -fno-strict-aliasing -pipe -march=ubicom32v5 -DUBICOM32_ARCH_VERSION=5 -DIP8000 -Dubicom32 -I/opt/ubicom32_sdk32x_gcc-4.4.1_uclibc-0.9.30.1_v02/ubicom32-linux-uclibc/runtime/usr/include -mfdpic -muclibc -fmath-errno -ftrapping-math -fweb -mhard-float -Os -Wall -D_LARGEFILE_SOURCE -D_LARGEFILE64_SOURCE -D_FILE_OFFSET_BITS=64 -D__ARCH_USE_MMU__ -D__UCLIBC__ -fno-strict-aliasing -pipe -march=ubicom32v5 -DUBICOM32_ARCH_VERSION=5 -DIP8000 -Dubicom32 -I/opt/ubicom32_sdk32x_gcc-4.4.1_uclibc-0.9.30.1_v02/ubicom32-linux-uclibc/runtime/usr/include -mfdpic -muclibc -fmath-errno -ftrapping-math -fweb -mhard-float'
CFLAG_VISIBILITY='-fvisibility=hidden'
CPP='ubicom32-linux-uclibc-gcc -E'
CPPFLAGS=''
DEFS='-DPACKAGE_NAME=\"\" -DPACKAGE_TARNAME=\"\" -DPACKAGE_VERSION=\"\" -DPACKAGE_STRING=\"\" -DPACKAGE_BUGREPORT=\"\" -DINSTALLPREFIX=\"/home/jeremy_lin/project/GPL/0514_pro/elbox_WRGND15/build\" -DSTDC_HEADERS=1 -DHAVE_SYS_TYPES_H=1 -DHAVE_SYS_STAT_H=1 -DHAVE_STDLIB_H=1 -DHAVE_STRING_H=1 -DHAVE_MEMORY_H=1 -DHAVE_STRINGS_H=1 -DHAVE_INTTYPES_H=1 -DHAVE_STDINT_H=1 -DHAVE_UNISTD_H=1 -D__EXTENSIONS__=1 -D_ALL_SOURCE=1 -D_GNU_SOURCE=1 -D_POSIX_PTHREAD_SEMANTICS=1 -D_TANDEM_SOURCE=1 -DHAVE_DLFCN_H=1 -DLT_OBJDIR=\".libs/\" -DHAVE_VISIBILITY=1'
DLLTOOL='dlltool'
DSYMUTIL=''
DUMPBIN=''
ECHO_C=''
ECHO_N='-n'
ECHO_T=''
EGREP='/bin/grep -E'
EXEEXT=''
FGREP='/bin/grep -F'
GREP='/bin/grep'
HAVE_VISIBILITY='1'
INSTALL_DATA='${INSTALL} -m 644'
INSTALL_PROGRAM='${INSTALL}'
INSTALL_SCRIPT='${INSTALL}'
LD='ubicom32-linux-uclibc-ld'
LDFLAGS='-march=ubicom32v5'
LIBOBJS=''
LIBS=''
LIBTOOL='/bin/sh $(top_builddir)/libtool'
LIPO=''
LN_S='ln -s'
LTLIBOBJS=''
NM='/opt/ubicom32_sdk32x_gcc-4.4.1_uclibc-0.9.30.1_v02/bin/ubicom32-linux-uclibc-nm -B'
NMEDIT=''
OBJDUMP='ubicom32-linux-uclibc-objdump'
OBJEXT='o'
OTOOL64=''
OTOOL=''
PACKAGE=''
PACKAGE_BUGREPORT=''
PACKAGE_NAME=''
PACKAGE_STRING=''
PACKAGE_TARNAME=''
PACKAGE_VERSION=''
PATH_SEPARATOR=':'
PLUGLIB='preloadable_libiconv.so'
RANLIB='ubicom32-linux-uclibc-ranlib'
RELOCATABLE='no'
SED='/bin/sed'
SET_MAKE=''
SHELL='/bin/sh'
STRIP='ubicom32-linux-uclibc-strip'
VERSION=''
ac_ct_CC=''
ac_ct_DUMPBIN=''
bindir='${exec_prefix}/bin'
build='i686-pc-linux-gnu'
build_alias=''
build_cpu='i686'
build_os='linux-gnu'
build_vendor='pc'
datadir='${datarootdir}'
datarootdir='${prefix}/share'
docdir='${datarootdir}/doc/${PACKAGE}'
dvidir='${docdir}'
exec_prefix='${prefix}'
host='ubicom32-unknown-linux-uclibc'
host_alias='ubicom32-linux-uclibc'
host_cpu='ubicom32'
host_os='linux-uclibc'
host_vendor='unknown'
htmldir='${docdir}'
includedir='${prefix}/include'
infodir='${datarootdir}/info'
libdir='${exec_prefix}/lib'
libexecdir='${exec_prefix}/libexec'
localedir='${datarootdir}/locale'
localstatedir='${prefix}/var'
lt_ECHO='echo'
mandir='${datarootdir}/man'
oldincludedir='/usr/include'
pdfdir='${docdir}'
prefix='/home/jeremy_lin/project/GPL/0514_pro/elbox_WRGND15/build'
program_transform_name='s,x,x,'
psdir='${docdir}'
sbindir='${exec_prefix}/sbin'
sharedstatedir='${prefix}/com'
sysconfdir='${prefix}/etc'
target_alias=''

## ----------- ##
## confdefs.h. ##
## ----------- ##

#define PACKAGE_NAME ""
#define PACKAGE_TARNAME ""
#define PACKAGE_VERSION ""
#define PACKAGE_STRING ""
#define PACKAGE_BUGREPORT ""
#define INSTALLPREFIX "/home/jeremy_lin/project/GPL/0514_pro/elbox_WRGND15/build"
#define STDC_HEADERS 1
#define HAVE_SYS_TYPES_H 1
#define HAVE_SYS_STAT_H 1
#define HAVE_STDLIB_H 1
#define HAVE_STRING_H 1
#define HAVE_MEMORY_H 1
#define HAVE_STRINGS_H 1
#define HAVE_INTTYPES_H 1
#define HAVE_STDINT_H 1
#define HAVE_UNISTD_H 1
#define __EXTENSIONS__ 1
#define _ALL_SOURCE 1
#define _GNU_SOURCE 1
#define _POSIX_PTHREAD_SEMANTICS 1
#define _TANDEM_SOURCE 1
#define HAVE_DLFCN_H 1
#define LT_OBJDIR ".libs/"
#define HAVE_VISIBILITY 1

configure: exit 0
